{"meta": {"format": 3, "version": "7.6.0", "timestamp": "2025-08-26T16:33:38.750568", "branch_coverage": false, "show_contexts": false}, "files": {"app/cache.py": {"executed_lines": [1, 6, 7, 8, 9, 10, 11, 13, 16, 17, 19, 24, 28, 33, 34, 39, 47, 48, 49, 50, 52, 55, 56, 57, 59, 71, 86, 93, 95, 96, 97, 98, 113, 134, 141, 156, 162, 164], "summary": {"covered_lines": 35, "num_statements": 78, "percent_covered": 44.87179487179487, "percent_covered_display": "44.87", "missing_lines": 43, "excluded_lines": 0}, "missing_lines": [20, 21, 22, 26, 30, 61, 62, 64, 65, 66, 68, 69, 73, 74, 77, 79, 80, 81, 82, 84, 100, 101, 102, 103, 104, 107, 108, 111, 121, 122, 124, 125, 127, 130, 131, 132, 136, 137, 138, 139, 143, 144, 146], "excluded_lines": [], "functions": {"CacheEntry.__init__": {"executed_lines": [], "summary": {"covered_lines": 0, "num_statements": 3, "percent_covered": 0.0, "percent_covered_display": "0.00", "missing_lines": 3, "excluded_lines": 0}, "missing_lines": [20, 21, 22], "excluded_lines": []}, "CacheEntry.is_expired": {"executed_lines": [], "summary": {"covered_lines": 0, "num_statements": 1, "percent_covered": 0.0, "percent_covered_display": "0.00", "missing_lines": 1, "excluded_lines": 0}, "missing_lines": [26], "excluded_lines": []}, "CacheEntry.time_until_expiry": {"executed_lines": [], "summary": {"covered_lines": 0, "num_statements": 1, "percent_covered": 0.0, "percent_covered_display": "0.00", "missing_lines": 1, "excluded_lines": 0}, "missing_lines": [30], "excluded_lines": []}, "SimpleCache.__init__": {"executed_lines": [47, 48, 49, 50], "summary": {"covered_lines": 4, "num_statements": 4, "percent_covered": 100.0, "percent_covered_display": "100.00", "missing_lines": 0, "excluded_lines": 0}, "missing_lines": [], "excluded_lines": []}, "SimpleCache._generate_key": {"executed_lines": [55, 56, 57], "summary": {"covered_lines": 3, "num_statements": 3, "percent_covered": 100.0, "percent_covered_display": "100.00", "missing_lines": 0, "excluded_lines": 0}, "missing_lines": [], "excluded_lines": []}, "SimpleCache._cleanup_expired": {"executed_lines": [], "summary": {"covered_lines": 0, "num_statements": 7, "percent_covered": 0.0, "percent_covered_display": "0.00", "missing_lines": 7, "excluded_lines": 0}, "missing_lines": [61, 62, 64, 65, 66, 68, 69], "excluded_lines": []}, "SimpleCache._cleanup_lru": {"executed_lines": [], "summary": {"covered_lines": 0, "num_statements": 8, "percent_covered": 0.0, "percent_covered_display": "0.00", "missing_lines": 8, "excluded_lines": 0}, "missing_lines": [73, 74, 77, 79, 80, 81, 82, 84], "excluded_lines": []}, "SimpleCache.get": {"executed_lines": [93, 95, 96, 97, 98], "summary": {"covered_lines": 5, "num_statements": 13, "percent_covered": 38.46153846153846, "percent_covered_display": "38.46", "missing_lines": 8, "excluded_lines": 0}, "missing_lines": [100, 101, 102, 103, 104, 107, 108, 111], "excluded_lines": []}, "SimpleCache.set": {"executed_lines": [], "summary": {"covered_lines": 0, "num_statements": 8, "percent_covered": 0.0, "percent_covered_display": "0.00", "missing_lines": 8, "excluded_lines": 0}, "missing_lines": [121, 122, 124, 125, 127, 130, 131, 132], "excluded_lines": []}, "SimpleCache.clear": {"executed_lines": [], "summary": {"covered_lines": 0, "num_statements": 4, "percent_covered": 0.0, "percent_covered_display": "0.00", "missing_lines": 4, "excluded_lines": 0}, "missing_lines": [136, 137, 138, 139], "excluded_lines": []}, "SimpleCache.get_stats": {"executed_lines": [], "summary": {"covered_lines": 0, "num_statements": 3, "percent_covered": 0.0, "percent_covered_display": "0.00", "missing_lines": 3, "excluded_lines": 0}, "missing_lines": [143, 144, 146], "excluded_lines": []}, "get_cache": {"executed_lines": [164], "summary": {"covered_lines": 1, "num_statements": 1, "percent_covered": 100.0, "percent_covered_display": "100.00", "missing_lines": 0, "excluded_lines": 0}, "missing_lines": [], "excluded_lines": []}, "": {"executed_lines": [1, 6, 7, 8, 9, 10, 11, 13, 16, 17, 19, 24, 28, 33, 34, 39, 52, 59, 71, 86, 113, 134, 141, 156, 162], "summary": {"covered_lines": 22, "num_statements": 22, "percent_covered": 100.0, "percent_covered_display": "100.00", "missing_lines": 0, "excluded_lines": 0}, "missing_lines": [], "excluded_lines": []}}, "classes": {"CacheEntry": {"executed_lines": [], "summary": {"covered_lines": 0, "num_statements": 5, "percent_covered": 0.0, "percent_covered_display": "0.00", "missing_lines": 5, "excluded_lines": 0}, "missing_lines": [20, 21, 22, 26, 30], "excluded_lines": []}, "SimpleCache": {"executed_lines": [47, 48, 49, 50, 55, 56, 57, 93, 95, 96, 97, 98], "summary": {"covered_lines": 12, "num_statements": 50, "percent_covered": 24.0, "percent_covered_display": "24.00", "missing_lines": 38, "excluded_lines": 0}, "missing_lines": [61, 62, 64, 65, 66, 68, 69, 73, 74, 77, 79, 80, 81, 82, 84, 100, 101, 102, 103, 104, 107, 108, 111, 121, 122, 124, 125, 127, 130, 131, 132, 136, 137, 138, 139, 143, 144, 146], "excluded_lines": []}, "": {"executed_lines": [1, 6, 7, 8, 9, 10, 11, 13, 16, 17, 19, 24, 28, 33, 34, 39, 52, 59, 71, 86, 113, 134, 141, 156, 162, 164], "summary": {"covered_lines": 23, "num_statements": 23, "percent_covered": 100.0, "percent_covered_display": "100.00", "missing_lines": 0, "excluded_lines": 0}, "missing_lines": [], "excluded_lines": []}}}, "app/database.py": {"executed_lines": [1, 2, 3, 4, 5, 6, 7, 9, 12, 15, 16, 18, 29, 31, 33, 34, 36, 41, 42, 50, 54, 57, 65, 67, 68, 69, 70, 71, 72, 76, 79, 81, 82, 83, 89, 91, 92, 93, 95, 98, 100, 103, 107, 108, 110, 113, 115, 117, 119, 122, 123, 124, 126, 128, 134, 137, 139, 140, 141, 143], "summary": {"covered_lines": 60, "num_statements": 77, "percent_covered": 77.92207792207792, "percent_covered_display": "77.92", "missing_lines": 17, "excluded_lines": 0}, "missing_lines": [20, 23, 26, 27, 39, 45, 46, 47, 48, 84, 85, 86, 129, 130, 131, 132, 156], "excluded_lines": [], "functions": {"get_database_url": {"executed_lines": [15, 16, 18, 29, 31, 33, 34, 36, 41, 42, 50], "summary": {"covered_lines": 11, "num_statements": 20, "percent_covered": 55.0, "percent_covered_display": "55.00", "missing_lines": 9, "excluded_lines": 0}, "missing_lines": [20, 23, 26, 27, 39, 45, 46, 47, 48], "excluded_lines": []}, "set_sqlite_pragma": {"executed_lines": [69, 70, 71, 72], "summary": {"covered_lines": 4, "num_statements": 4, "percent_covered": 100.0, "percent_covered_display": "100.00", "missing_lines": 0, "excluded_lines": 0}, "missing_lines": [], "excluded_lines": []}, "create_tables": {"executed_lines": [81, 82, 83], "summary": {"covered_lines": 3, "num_statements": 6, "percent_covered": 50.0, "percent_covered_display": "50.00", "missing_lines": 3, "excluded_lines": 0}, "missing_lines": [84, 85, 86], "excluded_lines": []}, "get_db": {"executed_lines": [91, 92, 93, 95], "summary": {"covered_lines": 4, "num_statements": 4, "percent_covered": 100.0, "percent_covered_display": "100.00", "missing_lines": 0, "excluded_lines": 0}, "missing_lines": [], "excluded_lines": []}, "init_db": {"executed_lines": [100, 103, 107, 108, 110, 113, 115, 117, 119, 122, 123, 124, 126, 128, 134], "summary": {"covered_lines": 15, "num_statements": 19, "percent_covered": 78.94736842105263, "percent_covered_display": "78.95", "missing_lines": 4, "excluded_lines": 0}, "missing_lines": [129, 130, 131, 132], "excluded_lines": []}, "get_db_info": {"executed_lines": [139, 140, 141, 143], "summary": {"covered_lines": 4, "num_statements": 5, "percent_covered": 80.0, "percent_covered_display": "80.00", "missing_lines": 1, "excluded_lines": 0}, "missing_lines": [156], "excluded_lines": []}, "": {"executed_lines": [1, 2, 3, 4, 5, 6, 7, 9, 12, 54, 57, 65, 67, 68, 76, 79, 89, 98, 137], "summary": {"covered_lines": 19, "num_statements": 19, "percent_covered": 100.0, "percent_covered_display": "100.00", "missing_lines": 0, "excluded_lines": 0}, "missing_lines": [], "excluded_lines": []}}, "classes": {"": {"executed_lines": [1, 2, 3, 4, 5, 6, 7, 9, 12, 15, 16, 18, 29, 31, 33, 34, 36, 41, 42, 50, 54, 57, 65, 67, 68, 69, 70, 71, 72, 76, 79, 81, 82, 83, 89, 91, 92, 93, 95, 98, 100, 103, 107, 108, 110, 113, 115, 117, 119, 122, 123, 124, 126, 128, 134, 137, 139, 140, 141, 143], "summary": {"covered_lines": 60, "num_statements": 77, "percent_covered": 77.92207792207792, "percent_covered_display": "77.92", "missing_lines": 17, "excluded_lines": 0}, "missing_lines": [20, 23, 26, 27, 39, 45, 46, 47, 48, 84, 85, 86, 129, 130, 131, 132, 156], "excluded_lines": []}}}, "app/exceptions.py": {"executed_lines": [1, 2, 5, 6, 8, 9, 10, 11, 14, 15, 17, 20, 21, 23, 26, 27, 29, 30, 33, 34, 36, 37, 38, 39, 40, 43, 44, 46, 51, 52, 54, 61, 62, 64], "summary": {"covered_lines": 26, "num_statements": 33, "percent_covered": 78.78787878787878, "percent_covered_display": "78.79", "missing_lines": 7, "excluded_lines": 0}, "missing_lines": [47, 48, 55, 56, 57, 58, 65], "excluded_lines": [], "functions": {"TracklistException.__init__": {"executed_lines": [9, 10, 11], "summary": {"covered_lines": 3, "num_statements": 3, "percent_covered": 100.0, "percent_covered_display": "100.00", "missing_lines": 0, "excluded_lines": 0}, "missing_lines": [], "excluded_lines": []}, "ServiceValidationError.__init__": {"executed_lines": [30], "summary": {"covered_lines": 1, "num_statements": 1, "percent_covered": 100.0, "percent_covered_display": "100.00", "missing_lines": 0, "excluded_lines": 0}, "missing_lines": [], "excluded_lines": []}, "ServiceNotFoundError.__init__": {"executed_lines": [37, 38, 39, 40], "summary": {"covered_lines": 4, "num_statements": 4, "percent_covered": 100.0, "percent_covered_display": "100.00", "missing_lines": 0, "excluded_lines": 0}, "missing_lines": [], "excluded_lines": []}, "NotFoundError.__init__": {"executed_lines": [], "summary": {"covered_lines": 0, "num_statements": 2, "percent_covered": 0.0, "percent_covered_display": "0.00", "missing_lines": 2, "excluded_lines": 0}, "missing_lines": [47, 48], "excluded_lines": []}, "ValidationError.__init__": {"executed_lines": [], "summary": {"covered_lines": 0, "num_statements": 4, "percent_covered": 0.0, "percent_covered_display": "0.00", "missing_lines": 4, "excluded_lines": 0}, "missing_lines": [55, 56, 57, 58], "excluded_lines": []}, "ConflictError.__init__": {"executed_lines": [], "summary": {"covered_lines": 0, "num_statements": 1, "percent_covered": 0.0, "percent_covered_display": "0.00", "missing_lines": 1, "excluded_lines": 0}, "missing_lines": [65], "excluded_lines": []}, "": {"executed_lines": [1, 2, 5, 6, 8, 14, 15, 17, 20, 21, 23, 26, 27, 29, 33, 34, 36, 43, 44, 46, 51, 52, 54, 61, 62, 64], "summary": {"covered_lines": 18, "num_statements": 18, "percent_covered": 100.0, "percent_covered_display": "100.00", "missing_lines": 0, "excluded_lines": 0}, "missing_lines": [], "excluded_lines": []}}, "classes": {"TracklistException": {"executed_lines": [9, 10, 11], "summary": {"covered_lines": 3, "num_statements": 3, "percent_covered": 100.0, "percent_covered_display": "100.00", "missing_lines": 0, "excluded_lines": 0}, "missing_lines": [], "excluded_lines": []}, "DatabaseException": {"executed_lines": [], "summary": {"covered_lines": 0, "num_statements": 0, "percent_covered": 100.0, "percent_covered_display": "100.00", "missing_lines": 0, "excluded_lines": 0}, "missing_lines": [], "excluded_lines": []}, "ValidationException": {"executed_lines": [], "summary": {"covered_lines": 0, "num_statements": 0, "percent_covered": 100.0, "percent_covered_display": "100.00", "missing_lines": 0, "excluded_lines": 0}, "missing_lines": [], "excluded_lines": []}, "ServiceValidationError": {"executed_lines": [30], "summary": {"covered_lines": 1, "num_statements": 1, "percent_covered": 100.0, "percent_covered_display": "100.00", "missing_lines": 0, "excluded_lines": 0}, "missing_lines": [], "excluded_lines": []}, "ServiceNotFoundError": {"executed_lines": [37, 38, 39, 40], "summary": {"covered_lines": 4, "num_statements": 4, "percent_covered": 100.0, "percent_covered_display": "100.00", "missing_lines": 0, "excluded_lines": 0}, "missing_lines": [], "excluded_lines": []}, "NotFoundError": {"executed_lines": [], "summary": {"covered_lines": 0, "num_statements": 2, "percent_covered": 0.0, "percent_covered_display": "0.00", "missing_lines": 2, "excluded_lines": 0}, "missing_lines": [47, 48], "excluded_lines": []}, "ValidationError": {"executed_lines": [], "summary": {"covered_lines": 0, "num_statements": 4, "percent_covered": 0.0, "percent_covered_display": "0.00", "missing_lines": 4, "excluded_lines": 0}, "missing_lines": [55, 56, 57, 58], "excluded_lines": []}, "ConflictError": {"executed_lines": [], "summary": {"covered_lines": 0, "num_statements": 1, "percent_covered": 0.0, "percent_covered_display": "0.00", "missing_lines": 1, "excluded_lines": 0}, "missing_lines": [65], "excluded_lines": []}, "": {"executed_lines": [1, 2, 5, 6, 8, 14, 15, 17, 20, 21, 23, 26, 27, 29, 33, 34, 36, 43, 44, 46, 51, 52, 54, 61, 62, 64], "summary": {"covered_lines": 18, "num_statements": 18, "percent_covered": 100.0, "percent_covered_display": "100.00", "missing_lines": 0, "excluded_lines": 0}, "missing_lines": [], "excluded_lines": []}}}, "app/logging_config.py": {"executed_lines": [1, 2, 3, 4, 5, 8, 12, 17, 18, 21, 22, 26, 34, 35, 37], "summary": {"covered_lines": 15, "num_statements": 18, "percent_covered": 83.33333333333333, "percent_covered_display": "83.33", "missing_lines": 3, "excluded_lines": 0}, "missing_lines": [13, 14, 23], "excluded_lines": [], "functions": {"setup_logging": {"executed_lines": [12, 17, 18, 21, 22, 26, 34, 35, 37], "summary": {"covered_lines": 9, "num_statements": 12, "percent_covered": 75.0, "percent_covered_display": "75.00", "missing_lines": 3, "excluded_lines": 0}, "missing_lines": [13, 14, 23], "excluded_lines": []}, "": {"executed_lines": [1, 2, 3, 4, 5, 8], "summary": {"covered_lines": 6, "num_statements": 6, "percent_covered": 100.0, "percent_covered_display": "100.00", "missing_lines": 0, "excluded_lines": 0}, "missing_lines": [], "excluded_lines": []}}, "classes": {"": {"executed_lines": [1, 2, 3, 4, 5, 8, 12, 17, 18, 21, 22, 26, 34, 35, 37], "summary": {"covered_lines": 15, "num_statements": 18, "percent_covered": 83.33333333333333, "percent_covered_display": "83.33", "missing_lines": 3, "excluded_lines": 0}, "missing_lines": [13, 14, 23], "excluded_lines": []}}}, "app/main.py": {"executed_lines": [1, 2, 3, 4, 5, 6, 7, 8, 9, 10, 11, 14, 15, 20, 22, 25, 78, 81, 82, 83, 84, 85, 88, 214, 337, 338, 340, 343, 345, 347, 348, 349, 352, 353, 354, 441, 442, 444, 445, 447, 449, 450, 453, 455, 456, 461, 462, 464, 467, 468, 478, 479, 487, 488, 490, 491, 496, 497, 509], "summary": {"covered_lines": 58, "num_statements": 211, "percent_covered": 27.488151658767773, "percent_covered_display": "27.49", "missing_lines": 153, "excluded_lines": 3}, "missing_lines": [93, 95, 97, 99, 100, 101, 105, 107, 110, 113, 116, 126, 127, 131, 135, 136, 137, 139, 142, 144, 145, 148, 150, 155, 158, 159, 162, 167, 168, 170, 172, 173, 174, 177, 178, 179, 181, 186, 189, 190, 191, 195, 196, 198, 201, 206, 208, 209, 211, 223, 225, 227, 229, 230, 231, 232, 233, 235, 237, 240, 243, 244, 246, 247, 248, 249, 250, 252, 253, 254, 256, 261, 262, 264, 265, 266, 267, 272, 277, 278, 281, 283, 286, 290, 292, 293, 294, 297, 298, 300, 301, 302, 307, 308, 309, 313, 314, 317, 321, 322, 323, 327, 330, 332, 333, 357, 358, 362, 363, 364, 365, 369, 370, 371, 374, 376, 379, 381, 382, 385, 387, 388, 391, 394, 397, 398, 399, 400, 402, 403, 406, 419, 420, 421, 423, 426, 428, 429, 430, 432, 433, 434, 436, 437, 438, 457, 458, 470, 472, 481, 482, 499, 500], "excluded_lines": [509, 510, 512], "functions": {"auto_migrate_artwork_cache": {"executed_lines": [], "summary": {"covered_lines": 0, "num_statements": 49, "percent_covered": 0.0, "percent_covered_display": "0.00", "missing_lines": 49, "excluded_lines": 0}, "missing_lines": [93, 95, 97, 99, 100, 101, 105, 107, 110, 113, 116, 126, 127, 131, 135, 136, 137, 139, 142, 144, 145, 148, 150, 155, 158, 159, 162, 167, 168, 170, 172, 173, 174, 177, 178, 179, 181, 186, 189, 190, 191, 195, 196, 198, 201, 206, 208, 209, 211], "excluded_lines": []}, "fix_genre_country_codes": {"executed_lines": [], "summary": {"covered_lines": 0, "num_statements": 56, "percent_covered": 0.0, "percent_covered_display": "0.00", "missing_lines": 56, "excluded_lines": 0}, "missing_lines": [223, 225, 227, 229, 230, 231, 232, 233, 235, 237, 240, 243, 244, 246, 247, 248, 249, 250, 252, 253, 254, 256, 261, 262, 264, 265, 266, 267, 272, 277, 278, 281, 283, 286, 290, 292, 293, 294, 297, 298, 300, 301, 302, 307, 308, 309, 313, 314, 317, 321, 322, 323, 327, 330, 332, 333], "excluded_lines": []}, "startup_event": {"executed_lines": [340, 343, 345, 347, 348, 349, 352, 353, 354], "summary": {"covered_lines": 9, "num_statements": 49, "percent_covered": 18.367346938775512, "percent_covered_display": "18.37", "missing_lines": 40, "excluded_lines": 0}, "missing_lines": [357, 358, 362, 363, 364, 365, 369, 370, 371, 374, 376, 379, 381, 382, 385, 387, 388, 391, 394, 397, 398, 399, 400, 402, 403, 406, 419, 420, 421, 423, 426, 428, 429, 430, 432, 433, 434, 436, 437, 438], "excluded_lines": []}, "shutdown_event": {"executed_lines": [444, 445, 447, 449, 450, 453, 455, 456], "summary": {"covered_lines": 8, "num_statements": 10, "percent_covered": 80.0, "percent_covered_display": "80.00", "missing_lines": 2, "excluded_lines": 0}, "missing_lines": [457, 458], "excluded_lines": []}, "health_check": {"executed_lines": [464], "summary": {"covered_lines": 1, "num_statements": 1, "percent_covered": 100.0, "percent_covered_display": "100.00", "missing_lines": 0, "excluded_lines": 0}, "missing_lines": [], "excluded_lines": []}, "api_docs_redirect": {"executed_lines": [], "summary": {"covered_lines": 0, "num_statements": 2, "percent_covered": 0.0, "percent_covered_display": "0.00", "missing_lines": 2, "excluded_lines": 0}, "missing_lines": [470, 472], "excluded_lines": []}, "tracklist_exception_handler": {"executed_lines": [], "summary": {"covered_lines": 0, "num_statements": 2, "percent_covered": 0.0, "percent_covered_display": "0.00", "missing_lines": 2, "excluded_lines": 0}, "missing_lines": [481, 482], "excluded_lines": []}, "validation_exception_handler": {"executed_lines": [490, 491], "summary": {"covered_lines": 2, "num_statements": 2, "percent_covered": 100.0, "percent_covered_display": "100.00", "missing_lines": 0, "excluded_lines": 0}, "missing_lines": [], "excluded_lines": []}, "global_exception_handler": {"executed_lines": [], "summary": {"covered_lines": 0, "num_statements": 2, "percent_covered": 0.0, "percent_covered_display": "0.00", "missing_lines": 2, "excluded_lines": 0}, "missing_lines": [499, 500], "excluded_lines": []}, "": {"executed_lines": [1, 2, 3, 4, 5, 6, 7, 8, 9, 10, 11, 14, 15, 20, 22, 25, 78, 81, 82, 83, 84, 85, 88, 214, 337, 338, 441, 442, 461, 462, 467, 468, 478, 479, 487, 488, 496, 497, 509], "summary": {"covered_lines": 38, "num_statements": 38, "percent_covered": 100.0, "percent_covered_display": "100.00", "missing_lines": 0, "excluded_lines": 3}, "missing_lines": [], "excluded_lines": [509, 510, 512]}}, "classes": {"": {"executed_lines": [1, 2, 3, 4, 5, 6, 7, 8, 9, 10, 11, 14, 15, 20, 22, 25, 78, 81, 82, 83, 84, 85, 88, 214, 337, 338, 340, 343, 345, 347, 348, 349, 352, 353, 354, 441, 442, 444, 445, 447, 449, 450, 453, 455, 456, 461, 462, 464, 467, 468, 478, 479, 487, 488, 490, 491, 496, 497, 509], "summary": {"covered_lines": 58, "num_statements": 211, "percent_covered": 27.488151658767773, "percent_covered_display": "27.49", "missing_lines": 153, "excluded_lines": 3}, "missing_lines": [93, 95, 97, 99, 100, 101, 105, 107, 110, 113, 116, 126, 127, 131, 135, 136, 137, 139, 142, 144, 145, 148, 150, 155, 158, 159, 162, 167, 168, 170, 172, 173, 174, 177, 178, 179, 181, 186, 189, 190, 191, 195, 196, 198, 201, 206, 208, 209, 211, 223, 225, 227, 229, 230, 231, 232, 233, 235, 237, 240, 243, 244, 246, 247, 248, 249, 250, 252, 253, 254, 256, 261, 262, 264, 265, 266, 267, 272, 277, 278, 281, 283, 286, 290, 292, 293, 294, 297, 298, 300, 301, 302, 307, 308, 309, 313, 314, 317, 321, 322, 323, 327, 330, 332, 333, 357, 358, 362, 363, 364, 365, 369, 370, 371, 374, 376, 379, 381, 382, 385, 387, 388, 391, 394, 397, 398, 399, 400, 402, 403, 406, 419, 420, 421, 423, 426, 428, 429, 430, 432, 433, 434, 436, 437, 438, 457, 458, 470, 472, 481, 482, 499, 500], "excluded_lines": [509, 510, 512]}}}, "app/models.py": {"executed_lines": [1, 12, 13, 14, 16, 19, 20, 35, 37, 38, 39, 40, 41, 46, 51, 52, 77, 79, 80, 81, 82, 83, 84, 85, 86, 87, 88, 89, 90, 91, 92, 93, 96, 98, 99, 102, 103, 104, 109, 110, 128, 130, 131, 134, 135, 136, 137, 138, 139, 140, 145, 148, 149, 174, 176, 177, 178, 179, 182, 183, 184, 187, 188, 189, 190, 191, 194, 195, 197, 198, 203, 204, 231, 233, 234, 237, 238, 239, 240, 245, 246, 247, 248, 249, 250, 251, 252, 253, 254, 255, 260, 263], "summary": {"covered_lines": 87, "num_statements": 87, "percent_covered": 100.0, "percent_covered_display": "100.00", "missing_lines": 0, "excluded_lines": 0}, "missing_lines": [], "excluded_lines": [], "functions": {"": {"executed_lines": [1, 12, 13, 14, 16, 19, 20, 35, 37, 38, 39, 40, 41, 46, 51, 52, 77, 79, 80, 81, 82, 83, 84, 85, 86, 87, 88, 89, 90, 91, 92, 93, 96, 98, 99, 102, 103, 104, 109, 110, 128, 130, 131, 134, 135, 136, 137, 138, 139, 140, 145, 148, 149, 174, 176, 177, 178, 179, 182, 183, 184, 187, 188, 189, 190, 191, 194, 195, 197, 198, 203, 204, 231, 233, 234, 237, 238, 239, 240, 245, 246, 247, 248, 249, 250, 251, 252, 253, 254, 255, 260, 263], "summary": {"covered_lines": 87, "num_statements": 87, "percent_covered": 100.0, "percent_covered_display": "100.00", "missing_lines": 0, "excluded_lines": 0}, "missing_lines": [], "excluded_lines": []}}, "classes": {"Artist": {"executed_lines": [], "summary": {"covered_lines": 0, "num_statements": 0, "percent_covered": 100.0, "percent_covered_display": "100.00", "missing_lines": 0, "excluded_lines": 0}, "missing_lines": [], "excluded_lines": []}, "Album": {"executed_lines": [], "summary": {"covered_lines": 0, "num_statements": 0, "percent_covered": 100.0, "percent_covered_display": "100.00", "missing_lines": 0, "excluded_lines": 0}, "missing_lines": [], "excluded_lines": []}, "Track": {"executed_lines": [], "summary": {"covered_lines": 0, "num_statements": 0, "percent_covered": 100.0, "percent_covered_display": "100.00", "missing_lines": 0, "excluded_lines": 0}, "missing_lines": [], "excluded_lines": []}, "UserSettings": {"executed_lines": [], "summary": {"covered_lines": 0, "num_statements": 0, "percent_covered": 100.0, "percent_covered_display": "100.00", "missing_lines": 0, "excluded_lines": 0}, "missing_lines": [], "excluded_lines": []}, "ArtworkCache": {"executed_lines": [], "summary": {"covered_lines": 0, "num_statements": 0, "percent_covered": 100.0, "percent_covered_display": "100.00", "missing_lines": 0, "excluded_lines": 0}, "missing_lines": [], "excluded_lines": []}, "": {"executed_lines": [1, 12, 13, 14, 16, 19, 20, 35, 37, 38, 39, 40, 41, 46, 51, 52, 77, 79, 80, 81, 82, 83, 84, 85, 86, 87, 88, 89, 90, 91, 92, 93, 96, 98, 99, 102, 103, 104, 109, 110, 128, 130, 131, 134, 135, 136, 137, 138, 139, 140, 145, 148, 149, 174, 176, 177, 178, 179, 182, 183, 184, 187, 188, 189, 190, 191, 194, 195, 197, 198, 203, 204, 231, 233, 234, 237, 238, 239, 240, 245, 246, 247, 248, 249, 250, 251, 252, 253, 254, 255, 260, 263], "summary": {"covered_lines": 87, "num_statements": 87, "percent_covered": 100.0, "percent_covered_display": "100.00", "missing_lines": 0, "excluded_lines": 0}, "missing_lines": [], "excluded_lines": []}}}, "app/musicbrainz_client.py": {"executed_lines": [1, 6, 7, 8, 9, 10, 11, 13, 15, 18, 19, 21, 22, 23, 24, 26, 28, 29, 30, 32, 37, 40, 41, 43, 46, 47, 51, 52, 54, 55, 56, 58, 60, 63, 65, 67, 68, 70, 86, 92, 95, 97, 98, 99, 101, 102, 104, 105, 106, 114, 115, 118, 134, 154, 208, 227, 240, 242, 244, 246, 248, 258, 267, 269, 286, 289], "summary": {"covered_lines": 62, "num_statements": 102, "percent_covered": 60.78431372549019, "percent_covered_display": "60.78", "missing_lines": 40, "excluded_lines": 0}, "missing_lines": [33, 34, 35, 87, 108, 109, 112, 122, 123, 124, 128, 129, 130, 148, 150, 152, 175, 178, 180, 182, 183, 185, 187, 188, 190, 193, 196, 199, 200, 202, 204, 206, 221, 223, 225, 281, 282, 294, 295, 296], "excluded_lines": [], "functions": {"MusicBrainzRateLimiter.__init__": {"executed_lines": [22, 23, 24], "summary": {"covered_lines": 3, "num_statements": 3, "percent_covered": 100.0, "percent_covered_display": "100.00", "missing_lines": 0, "excluded_lines": 0}, "missing_lines": [], "excluded_lines": []}, "MusicBrainzRateLimiter.acquire": {"executed_lines": [28, 29, 30, 32, 37], "summary": {"covered_lines": 5, "num_statements": 8, "percent_covered": 62.5, "percent_covered_display": "62.50", "missing_lines": 3, "excluded_lines": 0}, "missing_lines": [33, 34, 35], "excluded_lines": []}, "MusicBrainzClient.__init__": {"executed_lines": [55, 56], "summary": {"covered_lines": 2, "num_statements": 2, "percent_covered": 100.0, "percent_covered_display": "100.00", "missing_lines": 0, "excluded_lines": 0}, "missing_lines": [], "excluded_lines": []}, "MusicBrainzClient.__aenter__": {"executed_lines": [60, 63], "summary": {"covered_lines": 2, "num_statements": 2, "percent_covered": 100.0, "percent_covered_display": "100.00", "missing_lines": 0, "excluded_lines": 0}, "missing_lines": [], "excluded_lines": []}, "MusicBrainzClient.__aexit__": {"executed_lines": [67, 68], "summary": {"covered_lines": 2, "num_statements": 2, "percent_covered": 100.0, "percent_covered_display": "100.00", "missing_lines": 0, "excluded_lines": 0}, "missing_lines": [], "excluded_lines": []}, "MusicBrainzClient._make_request": {"executed_lines": [86, 92, 95, 97, 98, 99, 101, 102, 104, 105, 106, 114, 115, 118], "summary": {"covered_lines": 14, "num_statements": 24, "percent_covered": 58.333333333333336, "percent_covered_display": "58.33", "missing_lines": 10, "excluded_lines": 0}, "missing_lines": [87, 108, 109, 112, 122, 123, 124, 128, 129, 130], "excluded_lines": []}, "MusicBrainzClient.search_releases": {"executed_lines": [], "summary": {"covered_lines": 0, "num_statements": 3, "percent_covered": 0.0, "percent_covered_display": "0.00", "missing_lines": 3, "excluded_lines": 0}, "missing_lines": [148, 150, 152], "excluded_lines": []}, "MusicBrainzClient.search_releases_structured": {"executed_lines": [], "summary": {"covered_lines": 0, "num_statements": 16, "percent_covered": 0.0, "percent_covered_display": "0.00", "missing_lines": 16, "excluded_lines": 0}, "missing_lines": [175, 178, 180, 182, 183, 185, 187, 188, 190, 193, 196, 199, 200, 202, 204, 206], "excluded_lines": []}, "MusicBrainzClient.search_releases_by_release_group": {"executed_lines": [], "summary": {"covered_lines": 0, "num_statements": 3, "percent_covered": 0.0, "percent_covered_display": "0.00", "missing_lines": 3, "excluded_lines": 0}, "missing_lines": [221, 223, 225], "excluded_lines": []}, "MusicBrainzClient.get_release_details": {"executed_lines": [240, 242, 244, 246], "summary": {"covered_lines": 4, "num_statements": 4, "percent_covered": 100.0, "percent_covered_display": "100.00", "missing_lines": 0, "excluded_lines": 0}, "missing_lines": [], "excluded_lines": []}, "MusicBrainzClient.get_release_with_tracks": {"executed_lines": [258, 267], "summary": {"covered_lines": 2, "num_statements": 2, "percent_covered": 100.0, "percent_covered_display": "100.00", "missing_lines": 0, "excluded_lines": 0}, "missing_lines": [], "excluded_lines": []}, "MusicBrainzClient.get_release_group_with_tags": {"executed_lines": [], "summary": {"covered_lines": 0, "num_statements": 2, "percent_covered": 0.0, "percent_covered_display": "0.00", "missing_lines": 2, "excluded_lines": 0}, "missing_lines": [281, 282], "excluded_lines": []}, "get_musicbrainz_client": {"executed_lines": [], "summary": {"covered_lines": 0, "num_statements": 3, "percent_covered": 0.0, "percent_covered_display": "0.00", "missing_lines": 3, "excluded_lines": 0}, "missing_lines": [294, 295, 296], "excluded_lines": []}, "": {"executed_lines": [1, 6, 7, 8, 9, 10, 11, 13, 15, 18, 19, 21, 26, 40, 41, 43, 46, 47, 51, 52, 54, 58, 65, 70, 134, 154, 208, 227, 248, 269, 286, 289], "summary": {"covered_lines": 28, "num_statements": 28, "percent_covered": 100.0, "percent_covered_display": "100.00", "missing_lines": 0, "excluded_lines": 0}, "missing_lines": [], "excluded_lines": []}}, "classes": {"MusicBrainzRateLimiter": {"executed_lines": [22, 23, 24, 28, 29, 30, 32, 37], "summary": {"covered_lines": 8, "num_statements": 11, "percent_covered": 72.72727272727273, "percent_covered_display": "72.73", "missing_lines": 3, "excluded_lines": 0}, "missing_lines": [33, 34, 35], "excluded_lines": []}, "MusicBrainzAPIError": {"executed_lines": [], "summary": {"covered_lines": 0, "num_statements": 0, "percent_covered": 100.0, "percent_covered_display": "100.00", "missing_lines": 0, "excluded_lines": 0}, "missing_lines": [], "excluded_lines": []}, "MusicBrainzClient": {"executed_lines": [55, 56, 60, 63, 67, 68, 86, 92, 95, 97, 98, 99, 101, 102, 104, 105, 106, 114, 115, 118, 240, 242, 244, 246, 258, 267], "summary": {"covered_lines": 26, "num_statements": 60, "percent_covered": 43.333333333333336, "percent_covered_display": "43.33", "missing_lines": 34, "excluded_lines": 0}, "missing_lines": [87, 108, 109, 112, 122, 123, 124, 128, 129, 130, 148, 150, 152, 175, 178, 180, 182, 183, 185, 187, 188, 190, 193, 196, 199, 200, 202, 204, 206, 221, 223, 225, 281, 282], "excluded_lines": []}, "": {"executed_lines": [1, 6, 7, 8, 9, 10, 11, 13, 15, 18, 19, 21, 26, 40, 41, 43, 46, 47, 51, 52, 54, 58, 65, 70, 134, 154, 208, 227, 248, 269, 286, 289], "summary": {"covered_lines": 28, "num_statements": 31, "percent_covered": 90.3225806451613, "percent_covered_display": "90.32", "missing_lines": 3, "excluded_lines": 0}, "missing_lines": [294, 295, 296], "excluded_lines": []}}}, "app/musicbrainz_service.py": {"executed_lines": [1, 6, 7, 9, 10, 11, 13, 16, 17, 21, 22, 24, 65, 127, 138, 139, 144, 145, 146, 169, 170, 173, 178, 267, 325, 413, 494, 498, 504, 507, 510, 511, 512], "summary": {"covered_lines": 31, "num_statements": 185, "percent_covered": 16.756756756756758, "percent_covered_display": "16.76", "missing_lines": 154, "excluded_lines": 0}, "missing_lines": [39, 40, 41, 42, 45, 46, 47, 48, 51, 53, 56, 58, 59, 60, 87, 92, 93, 94, 97, 100, 101, 102, 105, 108, 110, 113, 115, 116, 117, 140, 141, 149, 152, 153, 154, 156, 157, 158, 159, 161, 164, 166, 167, 190, 193, 194, 195, 196, 198, 199, 202, 203, 207, 208, 210, 211, 212, 213, 214, 215, 216, 219, 220, 221, 222, 223, 224, 227, 228, 229, 230, 231, 232, 234, 245, 248, 251, 253, 256, 258, 259, 262, 277, 279, 281, 282, 283, 286, 299, 300, 309, 310, 311, 312, 313, 315, 317, 319, 336, 337, 339, 340, 341, 342, 343, 345, 365, 366, 367, 368, 369, 371, 374, 375, 377, 378, 379, 382, 383, 384, 385, 386, 387, 388, 391, 392, 393, 395, 402, 403, 405, 406, 409, 411, 425, 428, 459, 462, 464, 469, 470, 471, 476, 477, 478, 480, 482, 483, 485, 488, 489, 492, 496, 500], "excluded_lines": [], "functions": {"MusicBrainzService.__init__": {"executed_lines": [22], "summary": {"covered_lines": 1, "num_statements": 1, "percent_covered": 100.0, "percent_covered_display": "100.00", "missing_lines": 0, "excluded_lines": 0}, "missing_lines": [], "excluded_lines": []}, "MusicBrainzService.search_albums": {"executed_lines": [], "summary": {"covered_lines": 0, "num_statements": 14, "percent_covered": 0.0, "percent_covered_display": "0.00", "missing_lines": 14, "excluded_lines": 0}, "missing_lines": [39, 40, 41, 42, 45, 46, 47, 48, 51, 53, 56, 58, 59, 60], "excluded_lines": []}, "MusicBrainzService.search_albums_structured": {"executed_lines": [], "summary": {"covered_lines": 0, "num_statements": 15, "percent_covered": 0.0, "percent_covered_display": "0.00", "missing_lines": 15, "excluded_lines": 0}, "missing_lines": [87, 92, 93, 94, 97, 100, 101, 102, 105, 108, 110, 113, 115, 116, 117], "excluded_lines": []}, "MusicBrainzService.get_album_details": {"executed_lines": [138, 139, 144, 145, 146, 169, 170, 173], "summary": {"covered_lines": 8, "num_statements": 22, "percent_covered": 36.36363636363637, "percent_covered_display": "36.36", "missing_lines": 14, "excluded_lines": 0}, "missing_lines": [140, 141, 149, 152, 153, 154, 156, 157, 158, 159, 161, 164, 166, 167], "excluded_lines": []}, "MusicBrainzService.get_release_group_releases": {"executed_lines": [], "summary": {"covered_lines": 0, "num_statements": 39, "percent_covered": 0.0, "percent_covered_display": "0.00", "missing_lines": 39, "excluded_lines": 0}, "missing_lines": [190, 193, 194, 195, 196, 198, 199, 202, 203, 207, 208, 210, 211, 212, 213, 214, 215, 216, 219, 220, 221, 222, 223, 224, 227, 228, 229, 230, 231, 232, 234, 245, 248, 251, 253, 256, 258, 259, 262], "excluded_lines": []}, "MusicBrainzService._format_search_results": {"executed_lines": [], "summary": {"covered_lines": 0, "num_statements": 16, "percent_covered": 0.0, "percent_covered_display": "0.00", "missing_lines": 16, "excluded_lines": 0}, "missing_lines": [277, 279, 281, 282, 283, 286, 299, 300, 309, 310, 311, 312, 313, 315, 317, 319], "excluded_lines": []}, "MusicBrainzService._format_album_details": {"executed_lines": [], "summary": {"covered_lines": 0, "num_statements": 36, "percent_covered": 0.0, "percent_covered_display": "0.00", "missing_lines": 36, "excluded_lines": 0}, "missing_lines": [336, 337, 339, 340, 341, 342, 343, 345, 365, 366, 367, 368, 369, 371, 374, 375, 377, 378, 379, 382, 383, 384, 385, 386, 387, 388, 391, 392, 393, 395, 402, 403, 405, 406, 409, 411], "excluded_lines": []}, "MusicBrainzService._extract_genre_from_release": {"executed_lines": [], "summary": {"covered_lines": 0, "num_statements": 18, "percent_covered": 0.0, "percent_covered_display": "0.00", "missing_lines": 18, "excluded_lines": 0}, "missing_lines": [425, 428, 459, 462, 464, 469, 470, 471, 476, 477, 478, 480, 482, 483, 485, 488, 489, 492], "excluded_lines": []}, "MusicBrainzService.get_cache_stats": {"executed_lines": [], "summary": {"covered_lines": 0, "num_statements": 1, "percent_covered": 0.0, "percent_covered_display": "0.00", "missing_lines": 1, "excluded_lines": 0}, "missing_lines": [496], "excluded_lines": []}, "MusicBrainzService.clear_cache": {"executed_lines": [], "summary": {"covered_lines": 0, "num_statements": 1, "percent_covered": 0.0, "percent_covered_display": "0.00", "missing_lines": 1, "excluded_lines": 0}, "missing_lines": [500], "excluded_lines": []}, "get_musicbrainz_service": {"executed_lines": [510, 511, 512], "summary": {"covered_lines": 3, "num_statements": 3, "percent_covered": 100.0, "percent_covered_display": "100.00", "missing_lines": 0, "excluded_lines": 0}, "missing_lines": [], "excluded_lines": []}, "": {"executed_lines": [1, 6, 7, 9, 10, 11, 13, 16, 17, 21, 24, 65, 127, 178, 267, 325, 413, 494, 498, 504, 507], "summary": {"covered_lines": 19, "num_statements": 19, "percent_covered": 100.0, "percent_covered_display": "100.00", "missing_lines": 0, "excluded_lines": 0}, "missing_lines": [], "excluded_lines": []}}, "classes": {"MusicBrainzService": {"executed_lines": [22, 138, 139, 144, 145, 146, 169, 170, 173], "summary": {"covered_lines": 9, "num_statements": 163, "percent_covered": 5.521472392638037, "percent_covered_display": "5.52", "missing_lines": 154, "excluded_lines": 0}, "missing_lines": [39, 40, 41, 42, 45, 46, 47, 48, 51, 53, 56, 58, 59, 60, 87, 92, 93, 94, 97, 100, 101, 102, 105, 108, 110, 113, 115, 116, 117, 140, 141, 149, 152, 153, 154, 156, 157, 158, 159, 161, 164, 166, 167, 190, 193, 194, 195, 196, 198, 199, 202, 203, 207, 208, 210, 211, 212, 213, 214, 215, 216, 219, 220, 221, 222, 223, 224, 227, 228, 229, 230, 231, 232, 234, 245, 248, 251, 253, 256, 258, 259, 262, 277, 279, 281, 282, 283, 286, 299, 300, 309, 310, 311, 312, 313, 315, 317, 319, 336, 337, 339, 340, 341, 342, 343, 345, 365, 366, 367, 368, 369, 371, 374, 375, 377, 378, 379, 382, 383, 384, 385, 386, 387, 388, 391, 392, 393, 395, 402, 403, 405, 406, 409, 411, 425, 428, 459, 462, 464, 469, 470, 471, 476, 477, 478, 480, 482, 483, 485, 488, 489, 492, 496, 500], "excluded_lines": []}, "": {"executed_lines": [1, 6, 7, 9, 10, 11, 13, 16, 17, 21, 24, 65, 127, 178, 267, 325, 413, 494, 498, 504, 507, 510, 511, 512], "summary": {"covered_lines": 22, "num_statements": 22, "percent_covered": 100.0, "percent_covered_display": "100.00", "missing_lines": 0, "excluded_lines": 0}, "missing_lines": [], "excluded_lines": []}}}, "app/rating_service.py": {"executed_lines": [1, 6, 7, 8, 9, 11, 12, 13, 15, 17, 20, 21, 23, 24, 38, 39, 42, 45, 48, 49, 52, 54, 55, 57, 58, 59, 61, 62, 69, 71, 72, 74, 77, 78, 80, 81, 83, 100, 103, 107, 108, 109, 111, 113, 116, 121, 122, 123, 126, 128, 130, 133, 135, 136, 139, 194, 195, 196, 197, 198, 199, 201, 217, 220, 221, 226, 227, 228, 231, 234, 236, 238, 241, 243, 254, 255, 256, 258, 266, 267, 268, 273, 274, 277, 278, 282, 297, 312, 314, 315, 318, 319, 320, 323, 331, 332, 333, 334, 339, 340, 343, 344, 349, 350, 351, 353, 355, 357, 359, 361, 362, 363, 365, 367, 379, 381, 382, 385, 389, 393, 394, 395, 400, 401, 402, 403, 404, 405, 406, 408, 409, 410, 412, 414, 415, 417, 437, 440, 442, 450, 454, 455, 458, 459, 462, 463, 467, 468, 469, 470, 472, 477, 478, 481, 483, 485, 507, 508, 514, 525, 527, 530, 532, 534, 547, 561, 564, 565, 566, 569, 577, 579, 582, 583, 584, 586, 587, 588, 599, 600, 602, 603, 604, 612, 615, 618, 620, 624, 638, 659, 661, 662, 666, 667, 672, 673, 674, 678, 680, 682, 684, 702, 704, 705, 706, 709, 710, 713, 714, 716, 718, 720, 730, 732, 734, 736, 742, 744, 745, 746, 748, 787, 789, 793, 806, 871, 997, 999], "summary": {"covered_lines": 225, "num_statements": 358, "percent_covered": 62.849162011173185, "percent_covered_display": "62.85", "missing_lines": 133, "excluded_lines": 0}, "missing_lines": [152, 153, 156, 157, 164, 166, 168, 171, 172, 173, 177, 178, 183, 186, 188, 192, 316, 386, 390, 407, 411, 418, 419, 420, 421, 422, 424, 425, 429, 434, 464, 589, 592, 593, 605, 606, 633, 634, 635, 636, 663, 749, 751, 755, 756, 757, 758, 759, 762, 763, 767, 768, 773, 774, 778, 780, 781, 784, 801, 802, 803, 804, 819, 822, 823, 824, 826, 828, 831, 833, 834, 837, 840, 845, 847, 848, 849, 862, 865, 867, 868, 869, 885, 888, 889, 890, 892, 894, 897, 898, 904, 906, 907, 910, 911, 912, 913, 914, 915, 918, 919, 922, 923, 925, 926, 927, 930, 933, 936, 939, 941, 944, 945, 950, 951, 955, 956, 961, 962, 963, 968, 969, 972, 974, 975, 977, 981, 989, 990, 991, 992, 993, 994], "excluded_lines": [], "functions": {"RatingCalculator.calculate_album_score": {"executed_lines": [38, 39, 42, 45, 48, 49, 52], "summary": {"covered_lines": 7, "num_statements": 7, "percent_covered": 100.0, "percent_covered_display": "100.00", "missing_lines": 0, "excluded_lines": 0}, "missing_lines": [], "excluded_lines": []}, "RatingCalculator.get_completion_percentage": {"executed_lines": [57, 58, 59], "summary": {"covered_lines": 3, "num_statements": 3, "percent_covered": 100.0, "percent_covered_display": "100.00", "missing_lines": 0, "excluded_lines": 0}, "missing_lines": [], "excluded_lines": []}, "RatingCalculator.get_projected_score": {"executed_lines": [69, 71, 72, 74], "summary": {"covered_lines": 4, "num_statements": 4, "percent_covered": 100.0, "percent_covered_display": "100.00", "missing_lines": 0, "excluded_lines": 0}, "missing_lines": [], "excluded_lines": []}, "RatingService.__init__": {"executed_lines": [81], "summary": {"covered_lines": 1, "num_statements": 1, "percent_covered": 100.0, "percent_covered_display": "100.00", "missing_lines": 0, "excluded_lines": 0}, "missing_lines": [], "excluded_lines": []}, "RatingService.create_album_for_rating": {"executed_lines": [100, 103, 107, 108, 109, 111, 113, 116, 121, 122, 123, 126, 128, 130, 133, 135, 136, 139, 194, 195, 196, 197, 198, 199], "summary": {"covered_lines": 24, "num_statements": 40, "percent_covered": 60.0, "percent_covered_display": "60.00", "missing_lines": 16, "excluded_lines": 0}, "missing_lines": [152, 153, 156, 157, 164, 166, 168, 171, 172, 173, 177, 178, 183, 186, 188, 192], "excluded_lines": []}, "RatingService.rate_track": {"executed_lines": [217, 220, 221, 226, 227, 228, 231, 234, 236, 238, 241], "summary": {"covered_lines": 11, "num_statements": 11, "percent_covered": 100.0, "percent_covered_display": "100.00", "missing_lines": 0, "excluded_lines": 0}, "missing_lines": [], "excluded_lines": []}, "RatingService.get_album_progress": {"executed_lines": [254, 255, 256, 258, 266, 267, 268, 273, 274, 277, 278, 282], "summary": {"covered_lines": 12, "num_statements": 12, "percent_covered": 100.0, "percent_covered_display": "100.00", "missing_lines": 0, "excluded_lines": 0}, "missing_lines": [], "excluded_lines": []}, "RatingService.submit_album_rating": {"executed_lines": [312, 314, 315, 318, 319, 320, 323, 331, 332, 333, 334, 339, 340, 343, 344, 349, 350, 351, 353, 355, 357], "summary": {"covered_lines": 21, "num_statements": 22, "percent_covered": 95.45454545454545, "percent_covered_display": "95.45", "missing_lines": 1, "excluded_lines": 0}, "missing_lines": [316], "excluded_lines": []}, "RatingService.get_album_rating": {"executed_lines": [361, 362, 363, 365], "summary": {"covered_lines": 4, "num_statements": 4, "percent_covered": 100.0, "percent_covered_display": "100.00", "missing_lines": 0, "excluded_lines": 0}, "missing_lines": [], "excluded_lines": []}, "RatingService.get_user_albums": {"executed_lines": [379, 381, 382, 385, 389, 393, 394, 395, 400, 401, 402, 403, 404, 405, 406, 408, 409, 410, 412, 414, 415, 417, 437, 440, 442], "summary": {"covered_lines": 25, "num_statements": 38, "percent_covered": 65.78947368421052, "percent_covered_display": "65.79", "missing_lines": 13, "excluded_lines": 0}, "missing_lines": [386, 390, 407, 411, 418, 419, 420, 421, 422, 424, 425, 429, 434], "excluded_lines": []}, "RatingService._create_or_get_artist": {"executed_lines": [454, 455, 458, 459, 462, 463, 467, 468, 469, 470], "summary": {"covered_lines": 10, "num_statements": 11, "percent_covered": 90.9090909090909, "percent_covered_display": "90.91", "missing_lines": 1, "excluded_lines": 0}, "missing_lines": [464], "excluded_lines": []}, "RatingService._format_album_response": {"executed_lines": [477, 478, 481, 483, 485, 507, 508, 514, 525], "summary": {"covered_lines": 9, "num_statements": 9, "percent_covered": 100.0, "percent_covered_display": "100.00", "missing_lines": 0, "excluded_lines": 0}, "missing_lines": [], "excluded_lines": []}, "RatingService._format_album_summary": {"executed_lines": [530, 532, 534], "summary": {"covered_lines": 3, "num_statements": 3, "percent_covered": 100.0, "percent_covered_display": "100.00", "missing_lines": 0, "excluded_lines": 0}, "missing_lines": [], "excluded_lines": []}, "RatingService.delete_album": {"executed_lines": [561, 564, 565, 566, 569, 577, 579, 582, 583, 584, 586, 587, 588, 599, 600, 602, 603, 604, 612, 615, 618, 620, 624], "summary": {"covered_lines": 23, "num_statements": 32, "percent_covered": 71.875, "percent_covered_display": "71.88", "missing_lines": 9, "excluded_lines": 0}, "missing_lines": [589, 592, 593, 605, 606, 633, 634, 635, 636], "excluded_lines": []}, "RatingService.revert_album_to_in_progress": {"executed_lines": [659, 661, 662, 666, 667, 672, 673, 674, 678, 680, 682], "summary": {"covered_lines": 11, "num_statements": 12, "percent_covered": 91.66666666666667, "percent_covered_display": "91.67", "missing_lines": 1, "excluded_lines": 0}, "missing_lines": [663], "excluded_lines": []}, "RatingService.update_album_notes": {"executed_lines": [702, 704, 705, 706, 709, 710, 713, 714, 716, 718], "summary": {"covered_lines": 10, "num_statements": 10, "percent_covered": 100.0, "percent_covered_display": "100.00", "missing_lines": 0, "excluded_lines": 0}, "missing_lines": [], "excluded_lines": []}, "RatingService.update_missing_cover_art": {"executed_lines": [730, 732, 734, 736, 742, 744, 745, 746, 748, 787, 789, 793], "summary": {"covered_lines": 12, "num_statements": 33, "percent_covered": 36.36363636363637, "percent_covered_display": "36.36", "missing_lines": 21, "excluded_lines": 0}, "missing_lines": [749, 751, 755, 756, 757, 758, 759, 762, 763, 767, 768, 773, 774, 778, 780, 781, 784, 801, 802, 803, 804], "excluded_lines": []}, "RatingService.get_release_group_releases": {"executed_lines": [], "summary": {"covered_lines": 0, "num_statements": 20, "percent_covered": 0.0, "percent_covered_display": "0.00", "missing_lines": 20, "excluded_lines": 0}, "missing_lines": [819, 822, 823, 824, 826, 828, 831, 833, 834, 837, 840, 845, 847, 848, 849, 862, 865, 867, 868, 869], "excluded_lines": []}, "RatingService.retag_album_musicbrainz_id": {"executed_lines": [], "summary": {"covered_lines": 0, "num_statements": 51, "percent_covered": 0.0, "percent_covered_display": "0.00", "missing_lines": 51, "excluded_lines": 0}, "missing_lines": [885, 888, 889, 890, 892, 894, 897, 898, 904, 906, 907, 910, 911, 912, 913, 914, 915, 918, 919, 922, 923, 925, 926, 927, 930, 933, 936, 939, 941, 944, 945, 950, 951, 955, 956, 961, 962, 963, 968, 969, 972, 974, 975, 977, 981, 989, 990, 991, 992, 993, 994], "excluded_lines": []}, "get_rating_service": {"executed_lines": [999], "summary": {"covered_lines": 1, "num_statements": 1, "percent_covered": 100.0, "percent_covered_display": "100.00", "missing_lines": 0, "excluded_lines": 0}, "missing_lines": [], "excluded_lines": []}, "": {"executed_lines": [1, 6, 7, 8, 9, 11, 12, 13, 15, 17, 20, 21, 23, 24, 54, 55, 61, 62, 77, 78, 80, 83, 201, 243, 297, 359, 367, 450, 472, 527, 547, 638, 684, 720, 806, 871, 997], "summary": {"covered_lines": 34, "num_statements": 34, "percent_covered": 100.0, "percent_covered_display": "100.00", "missing_lines": 0, "excluded_lines": 0}, "missing_lines": [], "excluded_lines": []}}, "classes": {"RatingCalculator": {"executed_lines": [38, 39, 42, 45, 48, 49, 52, 57, 58, 59, 69, 71, 72, 74], "summary": {"covered_lines": 14, "num_statements": 14, "percent_covered": 100.0, "percent_covered_display": "100.00", "missing_lines": 0, "excluded_lines": 0}, "missing_lines": [], "excluded_lines": []}, "RatingService": {"executed_lines": [81, 100, 103, 107, 108, 109, 111, 113, 116, 121, 122, 123, 126, 128, 130, 133, 135, 136, 139, 194, 195, 196, 197, 198, 199, 217, 220, 221, 226, 227, 228, 231, 234, 236, 238, 241, 254, 255, 256, 258, 266, 267, 268, 273, 274, 277, 278, 282, 312, 314, 315, 318, 319, 320, 323, 331, 332, 333, 334, 339, 340, 343, 344, 349, 350, 351, 353, 355, 357, 361, 362, 363, 365, 379, 381, 382, 385, 389, 393, 394, 395, 400, 401, 402, 403, 404, 405, 406, 408, 409, 410, 412, 414, 415, 417, 437, 440, 442, 454, 455, 458, 459, 462, 463, 467, 468, 469, 470, 477, 478, 481, 483, 485, 507, 508, 514, 525, 530, 532, 534, 561, 564, 565, 566, 569, 577, 579, 582, 583, 584, 586, 587, 588, 599, 600, 602, 603, 604, 612, 615, 618, 620, 624, 659, 661, 662, 666, 667, 672, 673, 674, 678, 680, 682, 702, 704, 705, 706, 709, 710, 713, 714, 716, 718, 730, 732, 734, 736, 742, 744, 745, 746, 748, 787, 789, 793], "summary": {"covered_lines": 176, "num_statements": 309, "percent_covered": 56.957928802588995, "percent_covered_display": "56.96", "missing_lines": 133, "excluded_lines": 0}, "missing_lines": [152, 153, 156, 157, 164, 166, 168, 171, 172, 173, 177, 178, 183, 186, 188, 192, 316, 386, 390, 407, 411, 418, 419, 420, 421, 422, 424, 425, 429, 434, 464, 589, 592, 593, 605, 606, 633, 634, 635, 636, 663, 749, 751, 755, 756, 757, 758, 759, 762, 763, 767, 768, 773, 774, 778, 780, 781, 784, 801, 802, 803, 804, 819, 822, 823, 824, 826, 828, 831, 833, 834, 837, 840, 845, 847, 848, 849, 862, 865, 867, 868, 869, 885, 888, 889, 890, 892, 894, 897, 898, 904, 906, 907, 910, 911, 912, 913, 914, 915, 918, 919, 922, 923, 925, 926, 927, 930, 933, 936, 939, 941, 944, 945, 950, 951, 955, 956, 961, 962, 963, 968, 969, 972, 974, 975, 977, 981, 989, 990, 991, 992, 993, 994], "excluded_lines": []}, "": {"executed_lines": [1, 6, 7, 8, 9, 11, 12, 13, 15, 17, 20, 21, 23, 24, 54, 55, 61, 62, 77, 78, 80, 83, 201, 243, 297, 359, 367, 450, 472, 527, 547, 638, 684, 720, 806, 871, 997, 999], "summary": {"covered_lines": 35, "num_statements": 35, "percent_covered": 100.0, "percent_covered_display": "100.00", "missing_lines": 0, "excluded_lines": 0}, "missing_lines": [], "excluded_lines": []}}}, "app/reporting_service.py": {"executed_lines": [1, 6, 7, 8, 9, 10, 11, 13, 14, 15, 17, 20, 21, 23, 29, 98, 130, 177, 194, 223, 274, 425, 519, 550, 599, 714, 765, 797, 896, 899], "summary": {"covered_lines": 28, "num_statements": 220, "percent_covered": 12.727272727272727, "percent_covered_display": "12.73", "missing_lines": 192, "excluded_lines": 0}, "missing_lines": [25, 42, 44, 47, 48, 51, 58, 61, 62, 63, 68, 71, 76, 79, 91, 92, 94, 95, 96, 105, 106, 114, 115, 116, 117, 119, 120, 121, 122, 124, 126, 127, 128, 143, 145, 154, 164, 173, 174, 175, 180, 182, 184, 196, 199, 200, 205, 207, 209, 238, 239, 241, 250, 251, 253, 255, 260, 268, 270, 271, 272, 284, 286, 292, 293, 337, 376, 377, 379, 380, 381, 383, 385, 386, 391, 395, 406, 407, 411, 418, 419, 421, 422, 423, 440, 441, 442, 443, 444, 445, 447, 449, 451, 459, 461, 463, 468, 469, 472, 475, 477, 479, 482, 484, 485, 488, 489, 495, 506, 507, 509, 513, 515, 516, 517, 521, 528, 530, 532, 565, 566, 568, 577, 578, 580, 582, 585, 593, 595, 596, 597, 614, 616, 619, 633, 634, 644, 645, 650, 651, 653, 656, 665, 667, 690, 702, 703, 705, 708, 710, 711, 712, 728, 730, 737, 740, 743, 749, 756, 759, 761, 762, 763, 775, 777, 786, 788, 790, 791, 793, 794, 795, 811, 813, 815, 834, 837, 840, 842, 845, 854, 856, 877, 879, 885, 888, 890, 891, 892, 902, 903, 904], "excluded_lines": [], "functions": {"ReportingService.__init__": {"executed_lines": [], "summary": {"covered_lines": 0, "num_statements": 1, "percent_covered": 0.0, "percent_covered_display": "0.00", "missing_lines": 1, "excluded_lines": 0}, "missing_lines": [25], "excluded_lines": []}, "ReportingService.get_overview_statistics": {"executed_lines": [], "summary": {"covered_lines": 0, "num_statements": 18, "percent_covered": 0.0, "percent_covered_display": "0.00", "missing_lines": 18, "excluded_lines": 0}, "missing_lines": [42, 44, 47, 48, 51, 58, 61, 62, 63, 68, 71, 76, 79, 91, 92, 94, 95, 96], "excluded_lines": []}, "ReportingService._get_rating_distribution": {"executed_lines": [], "summary": {"covered_lines": 0, "num_statements": 14, "percent_covered": 0.0, "percent_covered_display": "0.00", "missing_lines": 14, "excluded_lines": 0}, "missing_lines": [105, 106, 114, 115, 116, 117, 119, 120, 121, 122, 124, 126, 127, 128], "excluded_lines": []}, "ReportingService.get_recent_activity": {"executed_lines": [], "summary": {"covered_lines": 0, "num_statements": 7, "percent_covered": 0.0, "percent_covered_display": "0.00", "missing_lines": 7, "excluded_lines": 0}, "missing_lines": [143, 145, 154, 164, 173, 174, 175], "excluded_lines": []}, "ReportingService._format_album_summary": {"executed_lines": [], "summary": {"covered_lines": 0, "num_statements": 3, "percent_covered": 0.0, "percent_covered_display": "0.00", "missing_lines": 3, "excluded_lines": 0}, "missing_lines": [180, 182, 184], "excluded_lines": []}, "ReportingService._format_album_with_progress": {"executed_lines": [], "summary": {"covered_lines": 0, "num_statements": 6, "percent_covered": 0.0, "percent_covered_display": "0.00", "missing_lines": 6, "excluded_lines": 0}, "missing_lines": [196, 199, 200, 205, 207, 209], "excluded_lines": []}, "ReportingService.get_top_albums": {"executed_lines": [], "summary": {"covered_lines": 0, "num_statements": 12, "percent_covered": 0.0, "percent_covered_display": "0.00", "missing_lines": 12, "excluded_lines": 0}, "missing_lines": [238, 239, 241, 250, 251, 253, 255, 260, 268, 270, 271, 272], "excluded_lines": []}, "ReportingService.get_score_distribution": {"executed_lines": [], "summary": {"covered_lines": 0, "num_statements": 23, "percent_covered": 0.0, "percent_covered_display": "0.00", "missing_lines": 23, "excluded_lines": 0}, "missing_lines": [284, 286, 292, 293, 337, 376, 377, 379, 380, 381, 383, 385, 386, 391, 395, 406, 407, 411, 418, 419, 421, 422, 423], "excluded_lines": []}, "ReportingService.get_no_skip_albums": {"executed_lines": [], "summary": {"covered_lines": 0, "num_statements": 31, "percent_covered": 0.0, "percent_covered_display": "0.00", "missing_lines": 31, "excluded_lines": 0}, "missing_lines": [440, 441, 442, 443, 444, 445, 447, 449, 451, 459, 461, 463, 468, 469, 472, 475, 477, 479, 482, 484, 485, 488, 489, 495, 506, 507, 509, 513, 515, 516, 517], "excluded_lines": []}, "ReportingService._format_album_with_details": {"executed_lines": [], "summary": {"covered_lines": 0, "num_statements": 4, "percent_covered": 0.0, "percent_covered_display": "0.00", "missing_lines": 4, "excluded_lines": 0}, "missing_lines": [521, 528, 530, 532], "excluded_lines": []}, "ReportingService.get_worst_albums": {"executed_lines": [], "summary": {"covered_lines": 0, "num_statements": 12, "percent_covered": 0.0, "percent_covered_display": "0.00", "missing_lines": 12, "excluded_lines": 0}, "missing_lines": [565, 566, 568, 577, 578, 580, 582, 585, 593, 595, 596, 597], "excluded_lines": []}, "ReportingService.get_top_artist": {"executed_lines": [], "summary": {"covered_lines": 0, "num_statements": 21, "percent_covered": 0.0, "percent_covered_display": "0.00", "missing_lines": 21, "excluded_lines": 0}, "missing_lines": [614, 616, 619, 633, 634, 644, 645, 650, 651, 653, 656, 665, 667, 690, 702, 703, 705, 708, 710, 711, 712], "excluded_lines": []}, "ReportingService.get_top_albums_by_year": {"executed_lines": [], "summary": {"covered_lines": 0, "num_statements": 11, "percent_covered": 0.0, "percent_covered_display": "0.00", "missing_lines": 11, "excluded_lines": 0}, "missing_lines": [728, 730, 737, 740, 743, 749, 756, 759, 761, 762, 763], "excluded_lines": []}, "ReportingService.get_available_years": {"executed_lines": [], "summary": {"covered_lines": 0, "num_statements": 9, "percent_covered": 0.0, "percent_covered_display": "0.00", "missing_lines": 9, "excluded_lines": 0}, "missing_lines": [775, 777, 786, 788, 790, 791, 793, 794, 795], "excluded_lines": []}, "ReportingService.get_highest_rated_artists": {"executed_lines": [], "summary": {"covered_lines": 0, "num_statements": 17, "percent_covered": 0.0, "percent_covered_display": "0.00", "missing_lines": 17, "excluded_lines": 0}, "missing_lines": [811, 813, 815, 834, 837, 840, 842, 845, 854, 856, 877, 879, 885, 888, 890, 891, 892], "excluded_lines": []}, "get_reporting_service": {"executed_lines": [], "summary": {"covered_lines": 0, "num_statements": 3, "percent_covered": 0.0, "percent_covered_display": "0.00", "missing_lines": 3, "excluded_lines": 0}, "missing_lines": [902, 903, 904], "excluded_lines": []}, "": {"executed_lines": [1, 6, 7, 8, 9, 10, 11, 13, 14, 15, 17, 20, 21, 23, 29, 98, 130, 177, 194, 223, 274, 425, 519, 550, 599, 714, 765, 797, 896, 899], "summary": {"covered_lines": 28, "num_statements": 28, "percent_covered": 100.0, "percent_covered_display": "100.00", "missing_lines": 0, "excluded_lines": 0}, "missing_lines": [], "excluded_lines": []}}, "classes": {"ReportingService": {"executed_lines": [], "summary": {"covered_lines": 0, "num_statements": 189, "percent_covered": 0.0, "percent_covered_display": "0.00", "missing_lines": 189, "excluded_lines": 0}, "missing_lines": [25, 42, 44, 47, 48, 51, 58, 61, 62, 63, 68, 71, 76, 79, 91, 92, 94, 95, 96, 105, 106, 114, 115, 116, 117, 119, 120, 121, 122, 124, 126, 127, 128, 143, 145, 154, 164, 173, 174, 175, 180, 182, 184, 196, 199, 200, 205, 207, 209, 238, 239, 241, 250, 251, 253, 255, 260, 268, 270, 271, 272, 284, 286, 292, 293, 337, 376, 377, 379, 380, 381, 383, 385, 386, 391, 395, 406, 407, 411, 418, 419, 421, 422, 423, 440, 441, 442, 443, 444, 445, 447, 449, 451, 459, 461, 463, 468, 469, 472, 475, 477, 479, 482, 484, 485, 488, 489, 495, 506, 507, 509, 513, 515, 516, 517, 521, 528, 530, 532, 565, 566, 568, 577, 578, 580, 582, 585, 593, 595, 596, 597, 614, 616, 619, 633, 634, 644, 645, 650, 651, 653, 656, 665, 667, 690, 702, 703, 705, 708, 710, 711, 712, 728, 730, 737, 740, 743, 749, 756, 759, 761, 762, 763, 775, 777, 786, 788, 790, 791, 793, 794, 795, 811, 813, 815, 834, 837, 840, 842, 845, 854, 856, 877, 879, 885, 888, 890, 891, 892], "excluded_lines": []}, "": {"executed_lines": [1, 6, 7, 8, 9, 10, 11, 13, 14, 15, 17, 20, 21, 23, 29, 98, 130, 177, 194, 223, 274, 425, 519, 550, 599, 714, 765, 797, 896, 899], "summary": {"covered_lines": 28, "num_statements": 31, "percent_covered": 90.3225806451613, "percent_covered_display": "90.32", "missing_lines": 3, "excluded_lines": 0}, "missing_lines": [902, 903, 904], "excluded_lines": []}}}, "app/routers/albums.py": {"executed_lines": [1, 5, 6, 7, 8, 9, 10, 11, 12, 13, 14, 16, 17, 18, 19, 25, 27, 28, 31, 32, 34, 37, 38, 40, 45, 46, 62, 63, 65, 87, 92, 93, 96, 105, 123, 124, 144, 146, 148, 149, 150, 151, 162, 164, 166, 171, 172, 188, 190, 191, 192, 199, 200, 201, 220, 221, 235, 236, 238, 240, 241, 263, 264, 277, 279, 283, 284, 285, 295, 297, 299, 302, 303, 307, 334, 335, 354, 355, 357, 359, 364, 365, 402, 404, 413, 414, 415, 430, 431, 441, 442, 445, 446, 450, 452, 459, 460, 523, 524, 534, 535, 537, 539, 552, 553, 567, 568, 570, 572, 573, 575, 576, 577, 595, 596, 632, 634, 636, 638, 639, 651, 653, 657, 661, 664, 677, 678, 693, 694, 696, 698, 699, 721, 722, 733, 734, 736, 738, 739, 752, 753, 791, 792, 794, 799, 800, 820, 821, 823, 825, 826, 854, 855, 903, 904, 1033, 1034, 1044, 1045, 1047, 1048, 1061, 1062, 1098, 1099, 1108, 1109, 1111, 1112, 1125, 1126, 1136, 1137, 1139, 1140, 1153, 1154, 1234, 1235, 1304, 1305, 1350, 1351, 1418, 1419, 1448, 1449, 1458, 1459, 1461, 1462, 1464], "summary": {"covered_lines": 188, "num_statements": 453, "percent_covered": 41.501103752759384, "percent_covered_display": "41.50", "missing_lines": 265, "excluded_lines": 0}, "missing_lines": [67, 72, 73, 75, 85, 88, 89, 97, 112, 113, 114, 152, 153, 154, 175, 209, 210, 211, 243, 244, 245, 252, 253, 254, 280, 281, 286, 287, 305, 309, 310, 311, 318, 319, 320, 323, 324, 325, 367, 405, 406, 419, 420, 421, 447, 491, 492, 495, 497, 500, 502, 503, 504, 507, 508, 509, 512, 513, 514, 541, 542, 543, 584, 585, 586, 641, 647, 666, 667, 668, 701, 702, 703, 710, 711, 712, 741, 742, 743, 763, 764, 766, 768, 769, 771, 772, 773, 780, 781, 782, 828, 829, 830, 837, 838, 839, 843, 844, 845, 868, 869, 871, 873, 875, 876, 878, 879, 880, 887, 888, 889, 892, 893, 894, 922, 923, 924, 925, 928, 931, 934, 935, 937, 938, 941, 952, 953, 954, 962, 963, 971, 974, 976, 977, 980, 983, 986, 988, 989, 992, 993, 996, 999, 1000, 1006, 1008, 1018, 1019, 1020, 1021, 1024, 1050, 1051, 1052, 1079, 1080, 1082, 1083, 1085, 1087, 1088, 1089, 1114, 1115, 1116, 1142, 1143, 1144, 1168, 1169, 1172, 1174, 1176, 1178, 1182, 1183, 1185, 1187, 1188, 1195, 1196, 1198, 1199, 1201, 1206, 1209, 1210, 1212, 1221, 1223, 1224, 1225, 1241, 1242, 1243, 1246, 1247, 1248, 1250, 1252, 1253, 1254, 1255, 1256, 1259, 1260, 1261, 1262, 1263, 1266, 1268, 1269, 1271, 1272, 1274, 1293, 1294, 1295, 1318, 1319, 1321, 1323, 1325, 1326, 1331, 1332, 1337, 1339, 1340, 1341, 1357, 1358, 1359, 1361, 1362, 1364, 1367, 1368, 1369, 1370, 1371, 1382, 1385, 1386, 1389, 1390, 1391, 1392, 1393, 1402, 1403, 1405, 1407, 1408, 1409, 1429, 1430, 1434, 1435, 1437, 1438, 1439, 1477, 1478, 1479], "excluded_lines": [], "functions": {"create_album_for_rating": {"executed_lines": [62, 63, 65, 87, 92, 93, 96, 105], "summary": {"covered_lines": 8, "num_statements": 19, "percent_covered": 42.10526315789474, "percent_covered_display": "42.11", "missing_lines": 11, "excluded_lines": 0}, "missing_lines": [67, 72, 73, 75, 85, 88, 89, 97, 112, 113, 114], "excluded_lines": []}, "update_track_rating": {"executed_lines": [144, 146, 148, 149, 150, 151, 162, 164, 166, 171, 172, 188, 190, 191, 192, 199, 200, 201], "summary": {"covered_lines": 18, "num_statements": 25, "percent_covered": 72.0, "percent_covered_display": "72.00", "missing_lines": 7, "excluded_lines": 0}, "missing_lines": [152, 153, 154, 175, 209, 210, 211], "excluded_lines": []}, "get_album_progress": {"executed_lines": [235, 236, 238, 240, 241], "summary": {"covered_lines": 5, "num_statements": 11, "percent_covered": 45.45454545454545, "percent_covered_display": "45.45", "missing_lines": 6, "excluded_lines": 0}, "missing_lines": [243, 244, 245, 252, 253, 254], "excluded_lines": []}, "update_album_notes": {"executed_lines": [277, 279, 283, 284, 285, 295, 297, 299, 302, 303, 307], "summary": {"covered_lines": 11, "num_statements": 25, "percent_covered": 44.0, "percent_covered_display": "44.00", "missing_lines": 14, "excluded_lines": 0}, "missing_lines": [280, 281, 286, 287, 305, 309, 310, 311, 318, 319, 320, 323, 324, 325], "excluded_lines": []}, "submit_album_rating": {"executed_lines": [354, 355, 357, 359, 364, 365, 402, 404, 413, 414, 415], "summary": {"covered_lines": 11, "num_statements": 17, "percent_covered": 64.70588235294117, "percent_covered_display": "64.71", "missing_lines": 6, "excluded_lines": 0}, "missing_lines": [367, 405, 406, 419, 420, 421], "excluded_lines": []}, "get_album_artwork_url": {"executed_lines": [441, 442, 445, 446, 450, 452], "summary": {"covered_lines": 6, "num_statements": 7, "percent_covered": 85.71428571428571, "percent_covered_display": "85.71", "missing_lines": 1, "excluded_lines": 0}, "missing_lines": [447], "excluded_lines": []}, "compare_albums": {"executed_lines": [], "summary": {"covered_lines": 0, "num_statements": 14, "percent_covered": 0.0, "percent_covered_display": "0.00", "missing_lines": 14, "excluded_lines": 0}, "missing_lines": [491, 492, 495, 497, 500, 502, 503, 504, 507, 508, 509, 512, 513, 514], "excluded_lines": []}, "get_rated_albums_for_comparison": {"executed_lines": [534, 535, 537, 539], "summary": {"covered_lines": 4, "num_statements": 7, "percent_covered": 57.142857142857146, "percent_covered_display": "57.14", "missing_lines": 3, "excluded_lines": 0}, "missing_lines": [541, 542, 543], "excluded_lines": []}, "get_album_rating": {"executed_lines": [567, 568, 570, 572, 573, 575, 576, 577], "summary": {"covered_lines": 8, "num_statements": 11, "percent_covered": 72.72727272727273, "percent_covered_display": "72.73", "missing_lines": 3, "excluded_lines": 0}, "missing_lines": [584, 585, 586], "excluded_lines": []}, "get_user_albums": {"executed_lines": [632, 634, 636, 638, 639, 651, 653, 657, 661, 664], "summary": {"covered_lines": 10, "num_statements": 15, "percent_covered": 66.66666666666667, "percent_covered_display": "66.67", "missing_lines": 5, "excluded_lines": 0}, "missing_lines": [641, 647, 666, 667, 668], "excluded_lines": []}, "delete_album": {"executed_lines": [693, 694, 696, 698, 699], "summary": {"covered_lines": 5, "num_statements": 11, "percent_covered": 45.45454545454545, "percent_covered_display": "45.45", "missing_lines": 6, "excluded_lines": 0}, "missing_lines": [701, 702, 703, 710, 711, 712], "excluded_lines": []}, "update_album_cover_art": {"executed_lines": [733, 734, 736, 738, 739], "summary": {"covered_lines": 5, "num_statements": 8, "percent_covered": 62.5, "percent_covered_display": "62.50", "missing_lines": 3, "excluded_lines": 0}, "missing_lines": [741, 742, 743], "excluded_lines": []}, "get_release_group_releases": {"executed_lines": [], "summary": {"covered_lines": 0, "num_statements": 11, "percent_covered": 0.0, "percent_covered_display": "0.00", "missing_lines": 11, "excluded_lines": 0}, "missing_lines": [763, 764, 766, 768, 769, 771, 772, 773, 780, 781, 782], "excluded_lines": []}, "revert_album_to_in_progress": {"executed_lines": [820, 821, 823, 825, 826], "summary": {"covered_lines": 5, "num_statements": 14, "percent_covered": 35.714285714285715, "percent_covered_display": "35.71", "missing_lines": 9, "excluded_lines": 0}, "missing_lines": [828, 829, 830, 837, 838, 839, 843, 844, 845], "excluded_lines": []}, "retag_album_musicbrainz_id": {"executed_lines": [], "summary": {"covered_lines": 0, "num_statements": 15, "percent_covered": 0.0, "percent_covered_display": "0.00", "missing_lines": 15, "excluded_lines": 0}, "missing_lines": [868, 869, 871, 873, 875, 876, 878, 879, 880, 887, 888, 889, 892, 893, 894], "excluded_lines": []}, "refresh_album_artwork": {"executed_lines": [], "summary": {"covered_lines": 0, "num_statements": 37, "percent_covered": 0.0, "percent_covered_display": "0.00", "missing_lines": 37, "excluded_lines": 0}, "missing_lines": [922, 923, 924, 925, 928, 931, 934, 935, 937, 938, 941, 952, 953, 954, 962, 963, 971, 974, 976, 977, 980, 983, 986, 988, 989, 992, 993, 996, 999, 1000, 1006, 1008, 1018, 1019, 1020, 1021, 1024], "excluded_lines": []}, "get_cache_cleanup_status": {"executed_lines": [1044, 1045, 1047, 1048], "summary": {"covered_lines": 4, "num_statements": 7, "percent_covered": 57.142857142857146, "percent_covered_display": "57.14", "missing_lines": 3, "excluded_lines": 0}, "missing_lines": [1050, 1051, 1052], "excluded_lines": []}, "trigger_cache_cleanup": {"executed_lines": [], "summary": {"covered_lines": 0, "num_statements": 8, "percent_covered": 0.0, "percent_covered_display": "0.00", "missing_lines": 8, "excluded_lines": 0}, "missing_lines": [1079, 1080, 1082, 1083, 1085, 1087, 1088, 1089], "excluded_lines": []}, "get_scheduled_tasks_status": {"executed_lines": [1108, 1109, 1111, 1112], "summary": {"covered_lines": 4, "num_statements": 7, "percent_covered": 57.142857142857146, "percent_covered_display": "57.14", "missing_lines": 3, "excluded_lines": 0}, "missing_lines": [1114, 1115, 1116], "excluded_lines": []}, "get_memory_cache_status": {"executed_lines": [1136, 1137, 1139, 1140], "summary": {"covered_lines": 4, "num_statements": 7, "percent_covered": 57.142857142857146, "percent_covered_display": "57.14", "missing_lines": 3, "excluded_lines": 0}, "missing_lines": [1142, 1143, 1144], "excluded_lines": []}, "trigger_artwork_migration": {"executed_lines": [], "summary": {"covered_lines": 0, "num_statements": 24, "percent_covered": 0.0, "percent_covered_display": "0.00", "missing_lines": 24, "excluded_lines": 0}, "missing_lines": [1168, 1169, 1172, 1174, 1176, 1178, 1182, 1183, 1185, 1187, 1188, 1195, 1196, 1198, 1199, 1201, 1206, 1209, 1210, 1212, 1221, 1223, 1224, 1225], "excluded_lines": []}, "get_integrity_status": {"executed_lines": [], "summary": {"covered_lines": 0, "num_statements": 26, "percent_covered": 0.0, "percent_covered_display": "0.00", "missing_lines": 26, "excluded_lines": 0}, "missing_lines": [1241, 1242, 1243, 1246, 1247, 1248, 1250, 1252, 1253, 1254, 1255, 1256, 1259, 1260, 1261, 1262, 1263, 1266, 1268, 1269, 1271, 1272, 1274, 1293, 1294, 1295], "excluded_lines": []}, "trigger_integrity_check": {"executed_lines": [], "summary": {"covered_lines": 0, "num_statements": 12, "percent_covered": 0.0, "percent_covered_display": "0.00", "missing_lines": 12, "excluded_lines": 0}, "missing_lines": [1318, 1319, 1321, 1323, 1325, 1326, 1331, 1332, 1337, 1339, 1340, 1341], "excluded_lines": []}, "get_migration_status": {"executed_lines": [], "summary": {"covered_lines": 0, "num_statements": 25, "percent_covered": 0.0, "percent_covered_display": "0.00", "missing_lines": 25, "excluded_lines": 0}, "missing_lines": [1357, 1358, 1359, 1361, 1362, 1364, 1367, 1368, 1369, 1370, 1371, 1382, 1385, 1386, 1389, 1390, 1391, 1392, 1393, 1402, 1403, 1405, 1407, 1408, 1409], "excluded_lines": []}, "get_background_tasks_status": {"executed_lines": [], "summary": {"covered_lines": 0, "num_statements": 7, "percent_covered": 0.0, "percent_covered_display": "0.00", "missing_lines": 7, "excluded_lines": 0}, "missing_lines": [1429, 1430, 1434, 1435, 1437, 1438, 1439], "excluded_lines": []}, "get_system_info": {"executed_lines": [1458, 1459, 1461, 1462, 1464], "summary": {"covered_lines": 5, "num_statements": 8, "percent_covered": 62.5, "percent_covered_display": "62.50", "missing_lines": 3, "excluded_lines": 0}, "missing_lines": [1477, 1478, 1479], "excluded_lines": []}, "": {"executed_lines": [1, 5, 6, 7, 8, 9, 10, 11, 12, 13, 14, 16, 17, 18, 19, 25, 27, 28, 31, 32, 34, 37, 38, 40, 45, 46, 123, 124, 220, 221, 263, 264, 334, 335, 430, 431, 459, 460, 523, 524, 552, 553, 595, 596, 677, 678, 721, 722, 752, 753, 791, 792, 794, 799, 800, 854, 855, 903, 904, 1033, 1034, 1061, 1062, 1098, 1099, 1125, 1126, 1153, 1154, 1234, 1235, 1304, 1305, 1350, 1351, 1418, 1419, 1448, 1449], "summary": {"covered_lines": 75, "num_statements": 75, "percent_covered": 100.0, "percent_covered_display": "100.00", "missing_lines": 0, "excluded_lines": 0}, "missing_lines": [], "excluded_lines": []}}, "classes": {"TrackRatingRequest": {"executed_lines": [], "summary": {"covered_lines": 0, "num_statements": 0, "percent_covered": 100.0, "percent_covered_display": "100.00", "missing_lines": 0, "excluded_lines": 0}, "missing_lines": [], "excluded_lines": []}, "AlbumCreateRequest": {"executed_lines": [], "summary": {"covered_lines": 0, "num_statements": 0, "percent_covered": 100.0, "percent_covered_display": "100.00", "missing_lines": 0, "excluded_lines": 0}, "missing_lines": [], "excluded_lines": []}, "RetagRequest": {"executed_lines": [], "summary": {"covered_lines": 0, "num_statements": 0, "percent_covered": 100.0, "percent_covered_display": "100.00", "missing_lines": 0, "excluded_lines": 0}, "missing_lines": [], "excluded_lines": []}, "": {"executed_lines": [1, 5, 6, 7, 8, 9, 10, 11, 12, 13, 14, 16, 17, 18, 19, 25, 27, 28, 31, 32, 34, 37, 38, 40, 45, 46, 62, 63, 65, 87, 92, 93, 96, 105, 123, 124, 144, 146, 148, 149, 150, 151, 162, 164, 166, 171, 172, 188, 190, 191, 192, 199, 200, 201, 220, 221, 235, 236, 238, 240, 241, 263, 264, 277, 279, 283, 284, 285, 295, 297, 299, 302, 303, 307, 334, 335, 354, 355, 357, 359, 364, 365, 402, 404, 413, 414, 415, 430, 431, 441, 442, 445, 446, 450, 452, 459, 460, 523, 524, 534, 535, 537, 539, 552, 553, 567, 568, 570, 572, 573, 575, 576, 577, 595, 596, 632, 634, 636, 638, 639, 651, 653, 657, 661, 664, 677, 678, 693, 694, 696, 698, 699, 721, 722, 733, 734, 736, 738, 739, 752, 753, 791, 792, 794, 799, 800, 820, 821, 823, 825, 826, 854, 855, 903, 904, 1033, 1034, 1044, 1045, 1047, 1048, 1061, 1062, 1098, 1099, 1108, 1109, 1111, 1112, 1125, 1126, 1136, 1137, 1139, 1140, 1153, 1154, 1234, 1235, 1304, 1305, 1350, 1351, 1418, 1419, 1448, 1449, 1458, 1459, 1461, 1462, 1464], "summary": {"covered_lines": 188, "num_statements": 453, "percent_covered": 41.501103752759384, "percent_covered_display": "41.50", "missing_lines": 265, "excluded_lines": 0}, "missing_lines": [67, 72, 73, 75, 85, 88, 89, 97, 112, 113, 114, 152, 153, 154, 175, 209, 210, 211, 243, 244, 245, 252, 253, 254, 280, 281, 286, 287, 305, 309, 310, 311, 318, 319, 320, 323, 324, 325, 367, 405, 406, 419, 420, 421, 447, 491, 492, 495, 497, 500, 502, 503, 504, 507, 508, 509, 512, 513, 514, 541, 542, 543, 584, 585, 586, 641, 647, 666, 667, 668, 701, 702, 703, 710, 711, 712, 741, 742, 743, 763, 764, 766, 768, 769, 771, 772, 773, 780, 781, 782, 828, 829, 830, 837, 838, 839, 843, 844, 845, 868, 869, 871, 873, 875, 876, 878, 879, 880, 887, 888, 889, 892, 893, 894, 922, 923, 924, 925, 928, 931, 934, 935, 937, 938, 941, 952, 953, 954, 962, 963, 971, 974, 976, 977, 980, 983, 986, 988, 989, 992, 993, 996, 999, 1000, 1006, 1008, 1018, 1019, 1020, 1021, 1024, 1050, 1051, 1052, 1079, 1080, 1082, 1083, 1085, 1087, 1088, 1089, 1114, 1115, 1116, 1142, 1143, 1144, 1168, 1169, 1172, 1174, 1176, 1178, 1182, 1183, 1185, 1187, 1188, 1195, 1196, 1198, 1199, 1201, 1206, 1209, 1210, 1212, 1221, 1223, 1224, 1225, 1241, 1242, 1243, 1246, 1247, 1248, 1250, 1252, 1253, 1254, 1255, 1256, 1259, 1260, 1261, 1262, 1263, 1266, 1268, 1269, 1271, 1272, 1274, 1293, 1294, 1295, 1318, 1319, 1321, 1323, 1325, 1326, 1331, 1332, 1337, 1339, 1340, 1341, 1357, 1358, 1359, 1361, 1362, 1364, 1367, 1368, 1369, 1370, 1371, 1382, 1385, 1386, 1389, 1390, 1391, 1392, 1393, 1402, 1403, 1405, 1407, 1408, 1409, 1429, 1430, 1434, 1435, 1437, 1438, 1439, 1477, 1478, 1479], "excluded_lines": []}}}, "app/routers/reports.py": {"executed_lines": [1, 5, 6, 7, 8, 9, 10, 11, 13, 14, 15, 16, 18, 20, 23, 24, 79, 80, 149, 150, 226, 227, 310, 311, 387, 388, 459, 460, 528, 529, 569, 570, 639, 640, 716, 717], "summary": {"covered_lines": 35, "num_statements": 145, "percent_covered": 24.137931034482758, "percent_covered_display": "24.14", "missing_lines": 110, "excluded_lines": 0}, "missing_lines": [57, 58, 59, 60, 62, 63, 64, 68, 69, 70, 127, 128, 129, 130, 132, 133, 134, 138, 139, 140, 200, 201, 204, 207, 209, 210, 211, 215, 216, 217, 288, 289, 290, 291, 293, 294, 295, 299, 300, 301, 361, 362, 365, 368, 370, 371, 372, 376, 377, 378, 437, 438, 439, 440, 442, 443, 444, 448, 449, 450, 506, 507, 508, 509, 511, 512, 513, 517, 518, 519, 547, 548, 549, 550, 552, 553, 554, 558, 559, 560, 617, 618, 619, 620, 622, 623, 624, 628, 629, 630, 690, 691, 694, 697, 699, 700, 701, 705, 706, 707, 761, 762, 765, 775, 783, 784, 785, 788, 789, 790], "excluded_lines": [], "functions": {"get_overview_statistics": {"executed_lines": [], "summary": {"covered_lines": 0, "num_statements": 10, "percent_covered": 0.0, "percent_covered_display": "0.00", "missing_lines": 10, "excluded_lines": 0}, "missing_lines": [57, 58, 59, 60, 62, 63, 64, 68, 69, 70], "excluded_lines": []}, "get_recent_activity": {"executed_lines": [], "summary": {"covered_lines": 0, "num_statements": 10, "percent_covered": 0.0, "percent_covered_display": "0.00", "missing_lines": 10, "excluded_lines": 0}, "missing_lines": [127, 128, 129, 130, 132, 133, 134, 138, 139, 140], "excluded_lines": []}, "get_top_albums": {"executed_lines": [], "summary": {"covered_lines": 0, "num_statements": 10, "percent_covered": 0.0, "percent_covered_display": "0.00", "missing_lines": 10, "excluded_lines": 0}, "missing_lines": [200, 201, 204, 207, 209, 210, 211, 215, 216, 217], "excluded_lines": []}, "get_score_distribution": {"executed_lines": [], "summary": {"covered_lines": 0, "num_statements": 10, "percent_covered": 0.0, "percent_covered_display": "0.00", "missing_lines": 10, "excluded_lines": 0}, "missing_lines": [288, 289, 290, 291, 293, 294, 295, 299, 300, 301], "excluded_lines": []}, "get_worst_albums": {"executed_lines": [], "summary": {"covered_lines": 0, "num_statements": 10, "percent_covered": 0.0, "percent_covered_display": "0.00", "missing_lines": 10, "excluded_lines": 0}, "missing_lines": [361, 362, 365, 368, 370, 371, 372, 376, 377, 378], "excluded_lines": []}, "get_top_artist": {"executed_lines": [], "summary": {"covered_lines": 0, "num_statements": 10, "percent_covered": 0.0, "percent_covered_display": "0.00", "missing_lines": 10, "excluded_lines": 0}, "missing_lines": [437, 438, 439, 440, 442, 443, 444, 448, 449, 450], "excluded_lines": []}, "get_top_albums_by_year": {"executed_lines": [], "summary": {"covered_lines": 0, "num_statements": 10, "percent_covered": 0.0, "percent_covered_display": "0.00", "missing_lines": 10, "excluded_lines": 0}, "missing_lines": [506, 507, 508, 509, 511, 512, 513, 517, 518, 519], "excluded_lines": []}, "get_available_years": {"executed_lines": [], "summary": {"covered_lines": 0, "num_statements": 10, "percent_covered": 0.0, "percent_covered_display": "0.00", "missing_lines": 10, "excluded_lines": 0}, "missing_lines": [547, 548, 549, 550, 552, 553, 554, 558, 559, 560], "excluded_lines": []}, "get_no_skip_albums": {"executed_lines": [], "summary": {"covered_lines": 0, "num_statements": 10, "percent_covered": 0.0, "percent_covered_display": "0.00", "missing_lines": 10, "excluded_lines": 0}, "missing_lines": [617, 618, 619, 620, 622, 623, 624, 628, 629, 630], "excluded_lines": []}, "get_highest_rated_artists": {"executed_lines": [], "summary": {"covered_lines": 0, "num_statements": 10, "percent_covered": 0.0, "percent_covered_display": "0.00", "missing_lines": 10, "excluded_lines": 0}, "missing_lines": [690, 691, 694, 697, 699, 700, 701, 705, 706, 707], "excluded_lines": []}, "generate_year_collage": {"executed_lines": [], "summary": {"covered_lines": 0, "num_statements": 10, "percent_covered": 0.0, "percent_covered_display": "0.00", "missing_lines": 10, "excluded_lines": 0}, "missing_lines": [761, 762, 765, 775, 783, 784, 785, 788, 789, 790], "excluded_lines": []}, "": {"executed_lines": [1, 5, 6, 7, 8, 9, 10, 11, 13, 14, 15, 16, 18, 20, 23, 24, 79, 80, 149, 150, 226, 227, 310, 311, 387, 388, 459, 460, 528, 529, 569, 570, 639, 640, 716, 717], "summary": {"covered_lines": 35, "num_statements": 35, "percent_covered": 100.0, "percent_covered_display": "100.00", "missing_lines": 0, "excluded_lines": 0}, "missing_lines": [], "excluded_lines": []}}, "classes": {"": {"executed_lines": [1, 5, 6, 7, 8, 9, 10, 11, 13, 14, 15, 16, 18, 20, 23, 24, 79, 80, 149, 150, 226, 227, 310, 311, 387, 388, 459, 460, 528, 529, 569, 570, 639, 640, 716, 717], "summary": {"covered_lines": 35, "num_statements": 145, "percent_covered": 24.137931034482758, "percent_covered_display": "24.14", "missing_lines": 110, "excluded_lines": 0}, "missing_lines": [57, 58, 59, 60, 62, 63, 64, 68, 69, 70, 127, 128, 129, 130, 132, 133, 134, 138, 139, 140, 200, 201, 204, 207, 209, 210, 211, 215, 216, 217, 288, 289, 290, 291, 293, 294, 295, 299, 300, 301, 361, 362, 365, 368, 370, 371, 372, 376, 377, 378, 437, 438, 439, 440, 442, 443, 444, 448, 449, 450, 506, 507, 508, 509, 511, 512, 513, 517, 518, 519, 547, 548, 549, 550, 552, 553, 554, 558, 559, 560, 617, 618, 619, 620, 622, 623, 624, 628, 629, 630, 690, 691, 694, 697, 699, 700, 701, 705, 706, 707, 761, 762, 765, 775, 783, 784, 785, 788, 789, 790], "excluded_lines": []}}}, "app/routers/search.py": {"executed_lines": [1, 5, 6, 7, 8, 9, 11, 12, 14, 16, 17, 20, 21, 186, 187, 260, 261, 299, 300, 323, 324], "summary": {"covered_lines": 20, "num_statements": 89, "percent_covered": 22.471910112359552, "percent_covered_display": "22.47", "missing_lines": 69, "excluded_lines": 0}, "missing_lines": [61, 63, 64, 73, 74, 77, 80, 101, 102, 103, 105, 109, 118, 122, 124, 127, 134, 139, 140, 142, 158, 163, 165, 166, 167, 175, 176, 177, 202, 203, 206, 207, 215, 217, 220, 222, 223, 226, 229, 238, 246, 248, 249, 250, 251, 272, 273, 276, 277, 285, 286, 288, 290, 291, 292, 311, 312, 313, 314, 315, 316, 317, 333, 334, 335, 336, 337, 338, 339], "excluded_lines": [], "functions": {"search_albums": {"executed_lines": [], "summary": {"covered_lines": 0, "num_statements": 28, "percent_covered": 0.0, "percent_covered_display": "0.00", "missing_lines": 28, "excluded_lines": 0}, "missing_lines": [61, 63, 64, 73, 74, 77, 80, 101, 102, 103, 105, 109, 118, 122, 124, 127, 134, 139, 140, 142, 158, 163, 165, 166, 167, 175, 176, 177], "excluded_lines": []}, "get_album_details": {"executed_lines": [], "summary": {"covered_lines": 0, "num_statements": 17, "percent_covered": 0.0, "percent_covered_display": "0.00", "missing_lines": 17, "excluded_lines": 0}, "missing_lines": [202, 203, 206, 207, 215, 217, 220, 222, 223, 226, 229, 238, 246, 248, 249, 250, 251], "excluded_lines": []}, "get_release_artwork_url": {"executed_lines": [], "summary": {"covered_lines": 0, "num_statements": 10, "percent_covered": 0.0, "percent_covered_display": "0.00", "missing_lines": 10, "excluded_lines": 0}, "missing_lines": [272, 273, 276, 277, 285, 286, 288, 290, 291, 292], "excluded_lines": []}, "get_cache_stats": {"executed_lines": [], "summary": {"covered_lines": 0, "num_statements": 7, "percent_covered": 0.0, "percent_covered_display": "0.00", "missing_lines": 7, "excluded_lines": 0}, "missing_lines": [311, 312, 313, 314, 315, 316, 317], "excluded_lines": []}, "clear_cache": {"executed_lines": [], "summary": {"covered_lines": 0, "num_statements": 7, "percent_covered": 0.0, "percent_covered_display": "0.00", "missing_lines": 7, "excluded_lines": 0}, "missing_lines": [333, 334, 335, 336, 337, 338, 339], "excluded_lines": []}, "": {"executed_lines": [1, 5, 6, 7, 8, 9, 11, 12, 14, 16, 17, 20, 21, 186, 187, 260, 261, 299, 300, 323, 324], "summary": {"covered_lines": 20, "num_statements": 20, "percent_covered": 100.0, "percent_covered_display": "100.00", "missing_lines": 0, "excluded_lines"
[...]
1, 423, 424, 427, 430, 432, 434], "excluded_lines": []}, "ScheduledTaskManager._run_integrity_check": {"executed_lines": [], "summary": {"covered_lines": 0, "num_statements": 7, "percent_covered": 0.0, "percent_covered_display": "0.00", "missing_lines": 7, "excluded_lines": 0}, "missing_lines": [438, 440, 441, 444, 449, 451, 457], "excluded_lines": []}, "ScheduledTaskManager._run_quick_check": {"executed_lines": [], "summary": {"covered_lines": 0, "num_statements": 8, "percent_covered": 0.0, "percent_covered_display": "0.00", "missing_lines": 8, "excluded_lines": 0}, "missing_lines": [461, 463, 464, 467, 469, 474, 475, 480], "excluded_lines": []}, "ScheduledTaskManager._save_task_result": {"executed_lines": [], "summary": {"covered_lines": 0, "num_statements": 7, "percent_covered": 0.0, "percent_covered_display": "0.00", "missing_lines": 7, "excluded_lines": 0}, "missing_lines": [484, 485, 487, 488, 490, 491, 493], "excluded_lines": []}, "ScheduledTaskManager.get_status": {"executed_lines": [497], "summary": {"covered_lines": 1, "num_statements": 1, "percent_covered": 100.0, "percent_covered_display": "100.00", "missing_lines": 0, "excluded_lines": 0}, "missing_lines": [], "excluded_lines": []}, "ScheduledTaskManager.trigger_cleanup_now": {"executed_lines": [], "summary": {"covered_lines": 0, "num_statements": 7, "percent_covered": 0.0, "percent_covered_display": "0.00", "missing_lines": 7, "excluded_lines": 0}, "missing_lines": [513, 515, 516, 518, 524, 525, 527], "excluded_lines": []}, "get_scheduled_task_manager": {"executed_lines": [537, 538, 539], "summary": {"covered_lines": 3, "num_statements": 3, "percent_covered": 100.0, "percent_covered_display": "100.00", "missing_lines": 0, "excluded_lines": 0}, "missing_lines": [], "excluded_lines": []}, "start_scheduled_tasks": {"executed_lines": [], "summary": {"covered_lines": 0, "num_statements": 2, "percent_covered": 0.0, "percent_covered_display": "0.00", "missing_lines": 2, "excluded_lines": 0}, "missing_lines": [544, 545], "excluded_lines": []}, "stop_scheduled_tasks": {"executed_lines": [550, 551], "summary": {"covered_lines": 2, "num_statements": 2, "percent_covered": 100.0, "percent_covered_display": "100.00", "missing_lines": 0, "excluded_lines": 0}, "missing_lines": [], "excluded_lines": []}, "": {"executed_lines": [1, 6, 7, 8, 9, 10, 11, 13, 14, 16, 19, 20, 24, 32, 163, 173, 180, 231, 271, 283, 310, 337, 364, 371, 389, 412, 436, 459, 482, 495, 511, 531, 534, 542, 548], "summary": {"covered_lines": 33, "num_statements": 33, "percent_covered": 100.0, "percent_covered_display": "100.00", "missing_lines": 0, "excluded_lines": 0}, "missing_lines": [], "excluded_lines": []}}, "classes": {"ScheduledTaskManager": {"executed_lines": [26, 27, 28, 29, 30, 34, 35, 36, 39, 40, 41, 44, 46, 85, 86, 100, 146, 147, 161, 175, 176, 178, 497], "summary": {"covered_lines": 23, "num_statements": 172, "percent_covered": 13.372093023255815, "percent_covered_display": "13.37", "missing_lines": 149, "excluded_lines": 0}, "missing_lines": [87, 88, 89, 91, 92, 93, 94, 95, 96, 101, 102, 106, 148, 149, 150, 152, 153, 154, 155, 156, 157, 165, 166, 167, 169, 170, 171, 177, 182, 184, 185, 186, 189, 190, 196, 197, 203, 204, 208, 210, 217, 218, 225, 227, 228, 229, 235, 236, 238, 241, 242, 245, 247, 248, 249, 252, 253, 255, 257, 263, 264, 266, 269, 273, 274, 275, 278, 279, 281, 285, 286, 287, 290, 291, 300, 302, 308, 312, 313, 314, 317, 318, 327, 329, 335, 339, 340, 341, 344, 345, 354, 356, 362, 366, 368, 369, 373, 375, 381, 382, 385, 387, 391, 393, 394, 396, 398, 404, 406, 410, 414, 417, 418, 421, 423, 424, 427, 430, 432, 434, 438, 440, 441, 444, 449, 451, 457, 461, 463, 464, 467, 469, 474, 475, 480, 484, 485, 487, 488, 490, 491, 493, 513, 515, 516, 518, 524, 525, 527], "excluded_lines": []}, "": {"executed_lines": [1, 6, 7, 8, 9, 10, 11, 13, 14, 16, 19, 20, 24, 32, 163, 173, 180, 231, 271, 283, 310, 337, 364, 371, 389, 412, 436, 459, 482, 495, 511, 531, 534, 537, 538, 539, 542, 548, 550, 551], "summary": {"covered_lines": 38, "num_statements": 40, "percent_covered": 95.0, "percent_covered_display": "95.00", "missing_lines": 2, "excluded_lines": 0}, "missing_lines": [544, 545], "excluded_lines": []}}}, "app/services/settings_service.py": {"executed_lines": [1, 6, 7, 8, 9, 11, 12, 14, 17, 18, 20, 21, 22, 24, 25, 26, 27, 29, 44, 45, 46, 49, 50, 51, 52, 78, 80, 89, 97, 107, 113, 120, 123, 126, 127, 128], "summary": {"covered_lines": 34, "num_statements": 56, "percent_covered": 60.714285714285715, "percent_covered_display": "60.71", "missing_lines": 22, "excluded_lines": 0}, "missing_lines": [53, 54, 57, 58, 59, 61, 62, 64, 65, 66, 67, 69, 70, 71, 72, 73, 76, 91, 99, 109, 115, 116], "excluded_lines": [], "functions": {"SettingsService.__new__": {"executed_lines": [25, 26, 27], "summary": {"covered_lines": 3, "num_statements": 3, "percent_covered": 100.0, "percent_covered_display": "100.00", "missing_lines": 0, "excluded_lines": 0}, "missing_lines": [], "excluded_lines": []}, "SettingsService.get_setting": {"executed_lines": [44, 45, 46, 49, 50, 51, 52], "summary": {"covered_lines": 7, "num_statements": 24, "percent_covered": 29.166666666666668, "percent_covered_display": "29.17", "missing_lines": 17, "excluded_lines": 0}, "missing_lines": [53, 54, 57, 58, 59, 61, 62, 64, 65, 66, 67, 69, 70, 71, 72, 73, 76], "excluded_lines": []}, "SettingsService.get_cache_config": {"executed_lines": [80], "summary": {"covered_lines": 1, "num_statements": 1, "percent_covered": 100.0, "percent_covered_display": "100.00", "missing_lines": 0, "excluded_lines": 0}, "missing_lines": [], "excluded_lines": []}, "SettingsService.get_automation_config": {"executed_lines": [], "summary": {"covered_lines": 0, "num_statements": 1, "percent_covered": 0.0, "percent_covered_display": "0.00", "missing_lines": 1, "excluded_lines": 0}, "missing_lines": [91], "excluded_lines": []}, "SettingsService.get_display_config": {"executed_lines": [], "summary": {"covered_lines": 0, "num_statements": 1, "percent_covered": 0.0, "percent_covered_display": "0.00", "missing_lines": 1, "excluded_lines": 0}, "missing_lines": [99], "excluded_lines": []}, "SettingsService.get_general_config": {"executed_lines": [], "summary": {"covered_lines": 0, "num_statements": 1, "percent_covered": 0.0, "percent_covered_display": "0.00", "missing_lines": 1, "excluded_lines": 0}, "missing_lines": [109], "excluded_lines": []}, "SettingsService.refresh_cache": {"executed_lines": [], "summary": {"covered_lines": 0, "num_statements": 2, "percent_covered": 0.0, "percent_covered_display": "0.00", "missing_lines": 2, "excluded_lines": 0}, "missing_lines": [115, 116], "excluded_lines": []}, "get_settings_service": {"executed_lines": [126, 127, 128], "summary": {"covered_lines": 3, "num_statements": 3, "percent_covered": 100.0, "percent_covered_display": "100.00", "missing_lines": 0, "excluded_lines": 0}, "missing_lines": [], "excluded_lines": []}, "": {"executed_lines": [1, 6, 7, 8, 9, 11, 12, 14, 17, 18, 20, 21, 22, 24, 29, 78, 89, 97, 107, 113, 120, 123], "summary": {"covered_lines": 20, "num_statements": 20, "percent_covered": 100.0, "percent_covered_display": "100.00", "missing_lines": 0, "excluded_lines": 0}, "missing_lines": [], "excluded_lines": []}}, "classes": {"SettingsService": {"executed_lines": [25, 26, 27, 44, 45, 46, 49, 50, 51, 52, 80], "summary": {"covered_lines": 11, "num_statements": 33, "percent_covered": 33.333333333333336, "percent_covered_display": "33.33", "missing_lines": 22, "excluded_lines": 0}, "missing_lines": [53, 54, 57, 58, 59, 61, 62, 64, 65, 66, 67, 69, 70, 71, 72, 73, 76, 91, 99, 109, 115, 116], "excluded_lines": []}, "": {"executed_lines": [1, 6, 7, 8, 9, 11, 12, 14, 17, 18, 20, 21, 22, 24, 29, 78, 89, 97, 107, 113, 120, 123, 126, 127, 128], "summary": {"covered_lines": 23, "num_statements": 23, "percent_covered": 100.0, "percent_covered_display": "100.00", "missing_lines": 0, "excluded_lines": 0}, "missing_lines": [], "excluded_lines": []}}}, "app/services/user_rate_limiter.py": {"executed_lines": [], "summary": {"covered_lines": 0, "num_statements": 69, "percent_covered": 0.0, "percent_covered_display": "0.00", "missing_lines": 69, "excluded_lines": 0}, "missing_lines": [6, 7, 8, 9, 10, 11, 13, 16, 22, 36, 37, 38, 41, 42, 44, 49, 51, 52, 55, 59, 71, 73, 75, 77, 79, 80, 81, 83, 92, 94, 101, 108, 109, 110, 112, 119, 120, 121, 122, 124, 126, 127, 128, 130, 139, 146, 149, 151, 153, 159, 165, 170, 181, 182, 183, 190, 191, 192, 199, 201, 203, 204, 206, 208, 215, 218, 221, 222, 223], "excluded_lines": [], "functions": {"UserRateLimiter.__init__": {"executed_lines": [], "summary": {"covered_lines": 0, "num_statements": 6, "percent_covered": 0.0, "percent_covered_display": "0.00", "missing_lines": 6, "excluded_lines": 0}, "missing_lines": [36, 37, 38, 41, 42, 44], "excluded_lines": []}, "UserRateLimiter._clean_old_requests": {"executed_lines": [], "summary": {"covered_lines": 0, "num_statements": 3, "percent_covered": 0.0, "percent_covered_display": "0.00", "missing_lines": 3, "excluded_lines": 0}, "missing_lines": [51, 52, 55], "excluded_lines": []}, "UserRateLimiter.check_rate_limit": {"executed_lines": [], "summary": {"covered_lines": 0, "num_statements": 10, "percent_covered": 0.0, "percent_covered_display": "0.00", "missing_lines": 10, "excluded_lines": 0}, "missing_lines": [71, 73, 75, 77, 79, 80, 81, 83, 92, 94], "excluded_lines": []}, "UserRateLimiter.record_request": {"executed_lines": [], "summary": {"covered_lines": 0, "num_statements": 3, "percent_covered": 0.0, "percent_covered_display": "0.00", "missing_lines": 3, "excluded_lines": 0}, "missing_lines": [108, 109, 110], "excluded_lines": []}, "UserRateLimiter.reset_user": {"executed_lines": [], "summary": {"covered_lines": 0, "num_statements": 4, "percent_covered": 0.0, "percent_covered_display": "0.00", "missing_lines": 4, "excluded_lines": 0}, "missing_lines": [119, 120, 121, 122], "excluded_lines": []}, "UserRateLimiter.get_stats": {"executed_lines": [], "summary": {"covered_lines": 0, "num_statements": 4, "percent_covered": 0.0, "percent_covered_display": "0.00", "missing_lines": 4, "excluded_lines": 0}, "missing_lines": [126, 127, 128, 130], "excluded_lines": []}, "ArtworkRefreshLimiter.__init__": {"executed_lines": [], "summary": {"covered_lines": 0, "num_statements": 3, "percent_covered": 0.0, "percent_covered_display": "0.00", "missing_lines": 3, "excluded_lines": 0}, "missing_lines": [153, 159, 165], "excluded_lines": []}, "ArtworkRefreshLimiter.check_limit": {"executed_lines": [], "summary": {"covered_lines": 0, "num_statements": 7, "percent_covered": 0.0, "percent_covered_display": "0.00", "missing_lines": 7, "excluded_lines": 0}, "missing_lines": [181, 182, 183, 190, 191, 192, 199], "excluded_lines": []}, "ArtworkRefreshLimiter.record_refresh": {"executed_lines": [], "summary": {"covered_lines": 0, "num_statements": 2, "percent_covered": 0.0, "percent_covered_display": "0.00", "missing_lines": 2, "excluded_lines": 0}, "missing_lines": [203, 204], "excluded_lines": []}, "ArtworkRefreshLimiter.get_stats": {"executed_lines": [], "summary": {"covered_lines": 0, "num_statements": 1, "percent_covered": 0.0, "percent_covered_display": "0.00", "missing_lines": 1, "excluded_lines": 0}, "missing_lines": [208], "excluded_lines": []}, "get_artwork_refresh_limiter": {"executed_lines": [], "summary": {"covered_lines": 0, "num_statements": 3, "percent_covered": 0.0, "percent_covered_display": "0.00", "missing_lines": 3, "excluded_lines": 0}, "missing_lines": [221, 222, 223], "excluded_lines": []}, "": {"executed_lines": [], "summary": {"covered_lines": 0, "num_statements": 23, "percent_covered": 0.0, "percent_covered_display": "0.00", "missing_lines": 23, "excluded_lines": 0}, "missing_lines": [6, 7, 8, 9, 10, 11, 13, 16, 22, 49, 59, 101, 112, 124, 139, 146, 149, 151, 170, 201, 206, 215, 218], "excluded_lines": []}}, "classes": {"UserRateLimiter": {"executed_lines": [], "summary": {"covered_lines": 0, "num_statements": 30, "percent_covered": 0.0, "percent_covered_display": "0.00", "missing_lines": 30, "excluded_lines": 0}, "missing_lines": [36, 37, 38, 41, 42, 44, 51, 52, 55, 71, 73, 75, 77, 79, 80, 81, 83, 92, 94, 108, 109, 110, 119, 120, 121, 122, 126, 127, 128, 130], "excluded_lines": []}, "ArtworkRefreshLimiter": {"executed_lines": [], "summary": {"covered_lines": 0, "num_statements": 13, "percent_covered": 0.0, "percent_covered_display": "0.00", "missing_lines": 13, "excluded_lines": 0}, "missing_lines": [153, 159, 165, 181, 182, 183, 190, 191, 192, 199, 203, 204, 208], "excluded_lines": []}, "": {"executed_lines": [], "summary": {"covered_lines": 0, "num_statements": 26, "percent_covered": 0.0, "percent_covered_display": "0.00", "missing_lines": 26, "excluded_lines": 0}, "missing_lines": [6, 7, 8, 9, 10, 11, 13, 16, 22, 49, 59, 101, 112, 124, 139, 146, 149, 151, 170, 201, 206, 215, 218, 221, 222, 223], "excluded_lines": []}}}, "app/template_utils.py": {"executed_lines": [1, 6, 7, 8, 9, 11, 12, 13, 15, 18, 19, 24, 26, 29, 30, 34, 40, 50, 51, 54, 56, 70, 72, 77, 83, 84, 85, 87, 92, 94, 95, 96, 97, 98, 101, 102, 103, 104, 107, 109, 110, 113, 122, 125, 126, 132, 149, 151, 153, 157, 160, 161, 163, 166, 167, 170, 175, 184, 202, 220, 228, 230, 231, 234, 237, 244, 251, 252, 254, 261, 289, 294, 309, 312, 315, 316, 317, 321, 384, 396, 397, 400, 412, 439], "summary": {"covered_lines": 82, "num_statements": 163, "percent_covered": 50.306748466257666, "percent_covered_display": "50.31", "missing_lines": 81, "excluded_lines": 0}, "missing_lines": [35, 36, 37, 73, 74, 78, 79, 80, 88, 89, 134, 137, 140, 144, 146, 177, 178, 181, 182, 200, 213, 214, 215, 218, 238, 241, 258, 259, 268, 270, 271, 272, 274, 276, 291, 292, 296, 304, 305, 341, 344, 347, 348, 350, 352, 355, 357, 359, 367, 368, 381, 407, 408, 422, 423, 425, 426, 427, 429, 430, 431, 433, 434, 436, 449, 450, 453, 454, 456, 457, 459, 460, 461, 462, 463, 464, 465, 466, 467, 468, 470], "excluded_lines": [], "functions": {"ArtworkURLResolver.__init__": {"executed_lines": [26, 29, 30, 34, 40, 50, 51, 54], "summary": {"covered_lines": 8, "num_statements": 11, "percent_covered": 72.72727272727273, "percent_covered_display": "72.73", "missing_lines": 3, "excluded_lines": 0}, "missing_lines": [35, 36, 37], "excluded_lines": []}, "ArtworkURLResolver.get_artwork_url": {"executed_lines": [70, 72, 77, 83, 84, 85, 87, 92, 94, 95, 96, 97, 98, 101, 102, 103, 104, 107, 109, 110, 113, 122, 125, 126, 132, 149, 151, 153, 157, 160, 161, 163, 166, 167, 170, 175], "summary": {"covered_lines": 36, "num_statements": 52, "percent_covered": 69.23076923076923, "percent_covered_display": "69.23", "missing_lines": 16, "excluded_lines": 0}, "missing_lines": [73, 74, 78, 79, 80, 88, 89, 134, 137, 140, 144, 146, 177, 178, 181, 182], "excluded_lines": []}, "ArtworkURLResolver.get_artwork_url_async": {"executed_lines": [], "summary": {"covered_lines": 0, "num_statements": 1, "percent_covered": 0.0, "percent_covered_display": "0.00", "missing_lines": 1, "excluded_lines": 0}, "missing_lines": [200], "excluded_lines": []}, "ArtworkURLResolver._build_web_path": {"executed_lines": [], "summary": {"covered_lines": 0, "num_statements": 4, "percent_covered": 0.0, "percent_covered_display": "0.00", "missing_lines": 4, "excluded_lines": 0}, "missing_lines": [213, 214, 215, 218], "excluded_lines": []}, "ArtworkURLResolver._queue_for_background_caching": {"executed_lines": [228, 230, 231, 234, 237, 244, 251, 252, 254], "summary": {"covered_lines": 9, "num_statements": 13, "percent_covered": 69.23076923076923, "percent_covered_display": "69.23", "missing_lines": 4, "excluded_lines": 0}, "missing_lines": [238, 241, 258, 259], "excluded_lines": []}, "ArtworkURLResolver.get_stats": {"executed_lines": [], "summary": {"covered_lines": 0, "num_statements": 6, "percent_covered": 0.0, "percent_covered_display": "0.00", "missing_lines": 6, "excluded_lines": 0}, "missing_lines": [268, 270, 271, 272, 274, 276], "excluded_lines": []}, "ArtworkURLResolver.clear_template_cache": {"executed_lines": [], "summary": {"covered_lines": 0, "num_statements": 2, "percent_covered": 0.0, "percent_covered_display": "0.00", "missing_lines": 2, "excluded_lines": 0}, "missing_lines": [291, 292], "excluded_lines": []}, "ArtworkURLResolver.clear_stats": {"executed_lines": [], "summary": {"covered_lines": 0, "num_statements": 3, "percent_covered": 0.0, "percent_covered_display": "0.00", "missing_lines": 3, "excluded_lines": 0}, "missing_lines": [296, 304, 305], "excluded_lines": []}, "get_artwork_resolver": {"executed_lines": [315, 316, 317], "summary": {"covered_lines": 3, "num_statements": 3, "percent_covered": 100.0, "percent_covered_display": "100.00", "missing_lines": 0, "excluded_lines": 0}, "missing_lines": [], "excluded_lines": []}, "get_lazy_image_html": {"executed_lines": [], "summary": {"covered_lines": 0, "num_statements": 12, "percent_covered": 0.0, "percent_covered_display": "0.00", "missing_lines": 12, "excluded_lines": 0}, "missing_lines": [341, 344, 347, 348, 350, 352, 355, 357, 359, 367, 368, 381], "excluded_lines": []}, "get_artwork_url": {"executed_lines": [396, 397], "summary": {"covered_lines": 2, "num_statements": 2, "percent_covered": 100.0, "percent_covered_display": "100.00", "missing_lines": 0, "excluded_lines": 0}, "missing_lines": [], "excluded_lines": []}, "get_cache_stats": {"executed_lines": [], "summary": {"covered_lines": 0, "num_statements": 2, "percent_covered": 0.0, "percent_covered_display": "0.00", "missing_lines": 2, "excluded_lines": 0}, "missing_lines": [407, 408], "excluded_lines": []}, "format_file_size": {"executed_lines": [], "summary": {"covered_lines": 0, "num_statements": 11, "percent_covered": 0.0, "percent_covered_display": "0.00", "missing_lines": 11, "excluded_lines": 0}, "missing_lines": [422, 423, 425, 426, 427, 429, 430, 431, 433, 434, 436], "excluded_lines": []}, "format_cache_age": {"executed_lines": [], "summary": {"covered_lines": 0, "num_statements": 17, "percent_covered": 0.0, "percent_covered_display": "0.00", "missing_lines": 17, "excluded_lines": 0}, "missing_lines": [449, 450, 453, 454, 456, 457, 459, 460, 461, 462, 463, 464, 465, 466, 467, 468, 470], "excluded_lines": []}, "": {"executed_lines": [1, 6, 7, 8, 9, 11, 12, 13, 15, 18, 19, 24, 56, 184, 202, 220, 261, 289, 294, 309, 312, 321, 384, 400, 412, 439], "summary": {"covered_lines": 24, "num_statements": 24, "percent_covered": 100.0, "percent_covered_display": "100.00", "missing_lines": 0, "excluded_lines": 0}, "missing_lines": [], "excluded_lines": []}}, "classes": {"ArtworkURLResolver": {"executed_lines": [26, 29, 30, 34, 40, 50, 51, 54, 70, 72, 77, 83, 84, 85, 87, 92, 94, 95, 96, 97, 98, 101, 102, 103, 104, 107, 109, 110, 113, 122, 125, 126, 132, 149, 151, 153, 157, 160, 161, 163, 166, 167, 170, 175, 228, 230, 231, 234, 237, 244, 251, 252, 254], "summary": {"covered_lines": 53, "num_statements": 92, "percent_covered": 57.608695652173914, "percent_covered_display": "57.61", "missing_lines": 39, "excluded_lines": 0}, "missing_lines": [35, 36, 37, 73, 74, 78, 79, 80, 88, 89, 134, 137, 140, 144, 146, 177, 178, 181, 182, 200, 213, 214, 215, 218, 238, 241, 258, 259, 268, 270, 271, 272, 274, 276, 291, 292, 296, 304, 305], "excluded_lines": []}, "": {"executed_lines": [1, 6, 7, 8, 9, 11, 12, 13, 15, 18, 19, 24, 56, 184, 202, 220, 261, 289, 294, 309, 312, 315, 316, 317, 321, 384, 396, 397, 400, 412, 439], "summary": {"covered_lines": 29, "num_statements": 71, "percent_covered": 40.84507042253521, "percent_covered_display": "40.85", "missing_lines": 42, "excluded_lines": 0}, "missing_lines": [341, 344, 347, 348, 350, 352, 355, 357, 359, 367, 368, 381, 407, 408, 422, 423, 425, 426, 427, 429, 430, 431, 433, 434, 436, 449, 450, 453, 454, 456, 457, 459, 460, 461, 462, 463, 464, 465, 466, 467, 468, 470], "excluded_lines": []}}}}, "totals": {"covered_lines": 1688, "num_statements": 5405, "percent_covered": 31.230342275670676, "percent_covered_display": "31.23", "missing_lines": 3717, "excluded_lines": 3}}